28-Jan-2022 15:39:12.456 정보 [main] org.apache.catalina.startup.VersionLoggerListener.log 서버 버전 이름:    Apache Tomcat/9.0.48
28-Jan-2022 15:39:12.459 정보 [main] org.apache.catalina.startup.VersionLoggerListener.log Server 빌드 시각:  Jun 10 2021 09:22:01 UTC
28-Jan-2022 15:39:12.459 정보 [main] org.apache.catalina.startup.VersionLoggerListener.log Server 버전 번호:  9.0.48.0
28-Jan-2022 15:39:12.459 정보 [main] org.apache.catalina.startup.VersionLoggerListener.log 운영체제 이름:     Windows 10
28-Jan-2022 15:39:12.460 정보 [main] org.apache.catalina.startup.VersionLoggerListener.log 운영체제 버전:     10.0
28-Jan-2022 15:39:12.461 정보 [main] org.apache.catalina.startup.VersionLoggerListener.log 아키텍처:          amd64
28-Jan-2022 15:39:12.461 정보 [main] org.apache.catalina.startup.VersionLoggerListener.log 자바 홈:           C:\jdk1.8\jre
28-Jan-2022 15:39:12.461 정보 [main] org.apache.catalina.startup.VersionLoggerListener.log JVM 버전:          1.8.0_131-b11
28-Jan-2022 15:39:12.461 정보 [main] org.apache.catalina.startup.VersionLoggerListener.log JVM 벤더:          Oracle Corporation
28-Jan-2022 15:39:12.462 정보 [main] org.apache.catalina.startup.VersionLoggerListener.log CATALINA_BASE:     E:\tomcat9_2
28-Jan-2022 15:39:12.462 정보 [main] org.apache.catalina.startup.VersionLoggerListener.log CATALINA_HOME:     E:\tomcat9_2
28-Jan-2022 15:39:12.462 정보 [main] org.apache.catalina.startup.VersionLoggerListener.log 명령 행 아규먼트:  -Dcatalina.home=E:\tomcat9_2
28-Jan-2022 15:39:12.462 정보 [main] org.apache.catalina.startup.VersionLoggerListener.log 명령 행 아규먼트:  -Dcatalina.base=E:\tomcat9_2
28-Jan-2022 15:39:12.463 정보 [main] org.apache.catalina.startup.VersionLoggerListener.log 명령 행 아규먼트:  -Dignore.endorsed.dirs=E:\tomcat9_2\endorsed
28-Jan-2022 15:39:12.463 정보 [main] org.apache.catalina.startup.VersionLoggerListener.log 명령 행 아규먼트:  -Djava.io.tmpdir=E:\tomcat9_2\temp
28-Jan-2022 15:39:12.463 정보 [main] org.apache.catalina.startup.VersionLoggerListener.log 명령 행 아규먼트:  -Djava.util.logging.manager=org.apache.juli.ClassLoaderLogManager
28-Jan-2022 15:39:12.463 정보 [main] org.apache.catalina.startup.VersionLoggerListener.log 명령 행 아규먼트:  -Djava.util.logging.config.file=E:\tomcat9_2\conf\logging.properties
28-Jan-2022 15:39:12.463 정보 [main] org.apache.catalina.startup.VersionLoggerListener.log 명령 행 아규먼트:  exit
28-Jan-2022 15:39:12.463 정보 [main] org.apache.catalina.startup.VersionLoggerListener.log 명령 행 아규먼트:  abort
28-Jan-2022 15:39:12.463 정보 [main] org.apache.catalina.startup.VersionLoggerListener.log 명령 행 아규먼트:  -Xms128m
28-Jan-2022 15:39:12.463 정보 [main] org.apache.catalina.startup.VersionLoggerListener.log 명령 행 아규먼트:  -Xmx256m
28-Jan-2022 15:39:12.467 정보 [main] org.apache.catalina.core.AprLifecycleListener.lifecycleEvent APR 버전 [1.7.0]을(를) 사용한, APR 기반 Apache Tomcat Native 라이브러리 [1.2.30]을(를) 로드했습니다.
28-Jan-2022 15:39:12.467 정보 [main] org.apache.catalina.core.AprLifecycleListener.lifecycleEvent APR 용량정보들: IPv6 [true], sendfile [true], accept filters [false], random [true], UDS [true].
28-Jan-2022 15:39:12.467 정보 [main] org.apache.catalina.core.AprLifecycleListener.lifecycleEvent APR/OpenSSL 설정: useAprConnector [false], useOpenSSL [true]
28-Jan-2022 15:39:12.475 정보 [main] org.apache.catalina.core.AprLifecycleListener.initializeSSL OpenSSL이 성공적으로 초기화되었습니다: [OpenSSL 1.1.1k  25 Mar 2021]
28-Jan-2022 15:39:12.823 정보 [main] org.apache.coyote.AbstractProtocol.init 프로토콜 핸들러 ["http-nio-8090"]을(를) 초기화합니다.
28-Jan-2022 15:39:12.846 정보 [main] org.apache.catalina.startup.Catalina.load [589] 밀리초 내에 서버가 초기화되었습니다.
28-Jan-2022 15:39:12.870 정보 [main] org.apache.catalina.core.StandardService.startInternal 서비스 [Catalina]을(를) 시작합니다.
28-Jan-2022 15:39:12.870 정보 [main] org.apache.catalina.core.StandardEngine.startInternal 서버 엔진을 시작합니다: [Apache Tomcat/9.0.48]
28-Jan-2022 15:39:12.880 정보 [main] org.apache.catalina.startup.HostConfig.deployDirectory 웹 애플리케이션 디렉토리 [E:\tomcat9_2\webapps\docs]을(를) 배치합니다.
28-Jan-2022 15:39:14.045 경고 [main] org.apache.catalina.util.SessionIdGeneratorBase.createSecureRandom [SHA1PRNG] 알고리즘을 사용하여, 세션 ID를 생성하기 위한 SecureRandom 객체를 생성하는데, [922] 밀리초가 소요됐습니다.
28-Jan-2022 15:39:14.068 정보 [main] org.apache.catalina.startup.HostConfig.deployDirectory 웹 애플리케이션 디렉토리 [E:\tomcat9_2\webapps\docs]에 대한 배치가 [1,187] 밀리초에 완료되었습니다.
28-Jan-2022 15:39:14.068 정보 [main] org.apache.catalina.startup.HostConfig.deployDirectory 웹 애플리케이션 디렉토리 [E:\tomcat9_2\webapps\examples]을(를) 배치합니다.
28-Jan-2022 15:39:14.650 정보 [main] org.apache.catalina.startup.HostConfig.deployDirectory 웹 애플리케이션 디렉토리 [E:\tomcat9_2\webapps\examples]에 대한 배치가 [581] 밀리초에 완료되었습니다.
28-Jan-2022 15:39:14.650 정보 [main] org.apache.catalina.startup.HostConfig.deployDirectory 웹 애플리케이션 디렉토리 [E:\tomcat9_2\webapps\host-manager]을(를) 배치합니다.
28-Jan-2022 15:39:14.690 정보 [main] org.apache.catalina.startup.HostConfig.deployDirectory 웹 애플리케이션 디렉토리 [E:\tomcat9_2\webapps\host-manager]에 대한 배치가 [40] 밀리초에 완료되었습니다.
28-Jan-2022 15:39:14.691 정보 [main] org.apache.catalina.startup.HostConfig.deployDirectory 웹 애플리케이션 디렉토리 [E:\tomcat9_2\webapps\manager]을(를) 배치합니다.
28-Jan-2022 15:39:14.722 정보 [main] org.apache.catalina.startup.HostConfig.deployDirectory 웹 애플리케이션 디렉토리 [E:\tomcat9_2\webapps\manager]에 대한 배치가 [31] 밀리초에 완료되었습니다.
28-Jan-2022 15:39:14.722 정보 [main] org.apache.catalina.startup.HostConfig.deployDirectory 웹 애플리케이션 디렉토리 [E:\tomcat9_2\webapps\ROOT]을(를) 배치합니다.
28-Jan-2022 15:39:14.747 정보 [main] org.apache.catalina.startup.HostConfig.deployDirectory 웹 애플리케이션 디렉토리 [E:\tomcat9_2\webapps\ROOT]에 대한 배치가 [25] 밀리초에 완료되었습니다.
28-Jan-2022 15:39:14.750 정보 [main] org.apache.coyote.AbstractProtocol.start 프로토콜 핸들러 ["http-nio-8090"]을(를) 시작합니다.
28-Jan-2022 15:39:14.767 정보 [main] org.apache.catalina.startup.Catalina.start 서버가 [1920] 밀리초 내에 시작되었습니다.
28-Jan-2022 16:02:29.974 정보 [Thread-4] org.apache.coyote.AbstractProtocol.pause 프로토콜 핸들러 ["http-nio-8090"]을(를) 일시 정지 중
28-Jan-2022 16:02:30.544 정보 [Thread-4] org.apache.catalina.core.StandardService.stopInternal 서비스 [Catalina]을(를) 중지시킵니다.
28-Jan-2022 16:02:30.589 정보 [Thread-4] org.apache.coyote.AbstractProtocol.stop 프로토콜 핸들러 ["http-nio-8090"]을(를) 중지시킵니다.
28-Jan-2022 16:02:30.650 정보 [Thread-4] org.apache.coyote.AbstractProtocol.destroy 프로토콜 핸들러 ["http-nio-8090"]을(를) 소멸시킵니다.
28-Jan-2022 16:02:33.249 정보 [main] org.apache.catalina.startup.VersionLoggerListener.log 서버 버전 이름:    Apache Tomcat/9.0.48
28-Jan-2022 16:02:33.253 정보 [main] org.apache.catalina.startup.VersionLoggerListener.log Server 빌드 시각:  Jun 10 2021 09:22:01 UTC
28-Jan-2022 16:02:33.253 정보 [main] org.apache.catalina.startup.VersionLoggerListener.log Server 버전 번호:  9.0.48.0
28-Jan-2022 16:02:33.253 정보 [main] org.apache.catalina.startup.VersionLoggerListener.log 운영체제 이름:     Windows 10
28-Jan-2022 16:02:33.253 정보 [main] org.apache.catalina.startup.VersionLoggerListener.log 운영체제 버전:     10.0
28-Jan-2022 16:02:33.253 정보 [main] org.apache.catalina.startup.VersionLoggerListener.log 아키텍처:          amd64
28-Jan-2022 16:02:33.253 정보 [main] org.apache.catalina.startup.VersionLoggerListener.log 자바 홈:           C:\jdk1.8\jre
28-Jan-2022 16:02:33.253 정보 [main] org.apache.catalina.startup.VersionLoggerListener.log JVM 버전:          1.8.0_131-b11
28-Jan-2022 16:02:33.253 정보 [main] org.apache.catalina.startup.VersionLoggerListener.log JVM 벤더:          Oracle Corporation
28-Jan-2022 16:02:33.254 정보 [main] org.apache.catalina.startup.VersionLoggerListener.log CATALINA_BASE:     E:\tomcat9_2
28-Jan-2022 16:02:33.254 정보 [main] org.apache.catalina.startup.VersionLoggerListener.log CATALINA_HOME:     E:\tomcat9_2
28-Jan-2022 16:02:33.255 정보 [main] org.apache.catalina.startup.VersionLoggerListener.log 명령 행 아규먼트:  -Dcatalina.home=E:\tomcat9_2
28-Jan-2022 16:02:33.255 정보 [main] org.apache.catalina.startup.VersionLoggerListener.log 명령 행 아규먼트:  -Dcatalina.base=E:\tomcat9_2
28-Jan-2022 16:02:33.255 정보 [main] org.apache.catalina.startup.VersionLoggerListener.log 명령 행 아규먼트:  -Dignore.endorsed.dirs=E:\tomcat9_2\endorsed
28-Jan-2022 16:02:33.255 정보 [main] org.apache.catalina.startup.VersionLoggerListener.log 명령 행 아규먼트:  -Djava.io.tmpdir=E:\tomcat9_2\temp
28-Jan-2022 16:02:33.255 정보 [main] org.apache.catalina.startup.VersionLoggerListener.log 명령 행 아규먼트:  -Djava.util.logging.manager=org.apache.juli.ClassLoaderLogManager
28-Jan-2022 16:02:33.256 정보 [main] org.apache.catalina.startup.VersionLoggerListener.log 명령 행 아규먼트:  -Djava.util.logging.config.file=E:\tomcat9_2\conf\logging.properties
28-Jan-2022 16:02:33.256 정보 [main] org.apache.catalina.startup.VersionLoggerListener.log 명령 행 아규먼트:  exit
28-Jan-2022 16:02:33.256 정보 [main] org.apache.catalina.startup.VersionLoggerListener.log 명령 행 아규먼트:  abort
28-Jan-2022 16:02:33.256 정보 [main] org.apache.catalina.startup.VersionLoggerListener.log 명령 행 아규먼트:  -Xms128m
28-Jan-2022 16:02:33.256 정보 [main] org.apache.catalina.startup.VersionLoggerListener.log 명령 행 아규먼트:  -Xmx256m
28-Jan-2022 16:02:33.259 정보 [main] org.apache.catalina.core.AprLifecycleListener.lifecycleEvent APR 버전 [1.7.0]을(를) 사용한, APR 기반 Apache Tomcat Native 라이브러리 [1.2.30]을(를) 로드했습니다.
28-Jan-2022 16:02:33.259 정보 [main] org.apache.catalina.core.AprLifecycleListener.lifecycleEvent APR 용량정보들: IPv6 [true], sendfile [true], accept filters [false], random [true], UDS [true].
28-Jan-2022 16:02:33.259 정보 [main] org.apache.catalina.core.AprLifecycleListener.lifecycleEvent APR/OpenSSL 설정: useAprConnector [false], useOpenSSL [true]
28-Jan-2022 16:02:33.267 정보 [main] org.apache.catalina.core.AprLifecycleListener.initializeSSL OpenSSL이 성공적으로 초기화되었습니다: [OpenSSL 1.1.1k  25 Mar 2021]
28-Jan-2022 16:02:33.611 정보 [main] org.apache.coyote.AbstractProtocol.init 프로토콜 핸들러 ["http-nio-8090"]을(를) 초기화합니다.
28-Jan-2022 16:02:33.635 정보 [main] org.apache.coyote.AbstractProtocol.init 프로토콜 핸들러 ["ajp-nio-127.0.0.1-8009"]을(를) 초기화합니다.
28-Jan-2022 16:02:33.637 심각 [main] org.apache.catalina.util.LifecycleBase.handleSubClassException 구성요소 [Connector[AJP/1.3-8009]]을(를) 초기화하지 못했습니다.
	org.apache.catalina.LifecycleException: 프로토콜 핸들러 초기화가 실패했습니다.
		at org.apache.catalina.connector.Connector.initInternal(Connector.java:1049)
		at org.apache.catalina.util.LifecycleBase.init(LifecycleBase.java:136)
		at org.apache.catalina.core.StandardService.initInternal(StandardService.java:561)
		at org.apache.catalina.util.LifecycleBase.init(LifecycleBase.java:136)
		at org.apache.catalina.core.StandardServer.initInternal(StandardServer.java:1049)
		at org.apache.catalina.util.LifecycleBase.init(LifecycleBase.java:136)
		at org.apache.catalina.startup.Catalina.load(Catalina.java:724)
		at org.apache.catalina.startup.Catalina.load(Catalina.java:746)
		at sun.reflect.NativeMethodAccessorImpl.invoke0(Native Method)
		at sun.reflect.NativeMethodAccessorImpl.invoke(NativeMethodAccessorImpl.java:62)
		at sun.reflect.DelegatingMethodAccessorImpl.invoke(DelegatingMethodAccessorImpl.java:43)
		at java.lang.reflect.Method.invoke(Method.java:498)
		at org.apache.catalina.startup.Bootstrap.load(Bootstrap.java:305)
		at org.apache.catalina.startup.Bootstrap.main(Bootstrap.java:475)
	Caused by: java.net.BindException: Address already in use: bind
		at sun.nio.ch.Net.bind0(Native Method)
		at sun.nio.ch.Net.bind(Net.java:433)
		at sun.nio.ch.Net.bind(Net.java:425)
		at sun.nio.ch.ServerSocketChannelImpl.bind(ServerSocketChannelImpl.java:223)
		at org.apache.tomcat.util.net.NioEndpoint.initServerSocket(NioEndpoint.java:272)
		at org.apache.tomcat.util.net.NioEndpoint.bind(NioEndpoint.java:227)
		at org.apache.tomcat.util.net.AbstractEndpoint.bindWithCleanup(AbstractEndpoint.java:1208)
		at org.apache.tomcat.util.net.AbstractEndpoint.init(AbstractEndpoint.java:1221)
		at org.apache.coyote.AbstractProtocol.init(AbstractProtocol.java:603)
		at org.apache.catalina.connector.Connector.initInternal(Connector.java:1046)
		... 13 more
28-Jan-2022 16:02:33.638 정보 [main] org.apache.catalina.startup.Catalina.load [601] 밀리초 내에 서버가 초기화되었습니다.
28-Jan-2022 16:02:33.664 정보 [main] org.apache.catalina.core.StandardService.startInternal 서비스 [Catalina]을(를) 시작합니다.
28-Jan-2022 16:02:33.664 정보 [main] org.apache.catalina.core.StandardEngine.startInternal 서버 엔진을 시작합니다: [Apache Tomcat/9.0.48]
28-Jan-2022 16:02:33.673 정보 [main] org.apache.catalina.startup.HostConfig.deployDirectory 웹 애플리케이션 디렉토리 [E:\tomcat9_2\webapps\docs]을(를) 배치합니다.
28-Jan-2022 16:02:34.720 경고 [main] org.apache.catalina.util.SessionIdGeneratorBase.createSecureRandom [SHA1PRNG] 알고리즘을 사용하여, 세션 ID를 생성하기 위한 SecureRandom 객체를 생성하는데, [840] 밀리초가 소요됐습니다.
28-Jan-2022 16:02:34.745 정보 [main] org.apache.catalina.startup.HostConfig.deployDirectory 웹 애플리케이션 디렉토리 [E:\tomcat9_2\webapps\docs]에 대한 배치가 [1,072] 밀리초에 완료되었습니다.
28-Jan-2022 16:02:34.746 정보 [main] org.apache.catalina.startup.HostConfig.deployDirectory 웹 애플리케이션 디렉토리 [E:\tomcat9_2\webapps\examples]을(를) 배치합니다.
28-Jan-2022 16:02:35.132 정보 [main] org.apache.catalina.startup.HostConfig.deployDirectory 웹 애플리케이션 디렉토리 [E:\tomcat9_2\webapps\examples]에 대한 배치가 [387] 밀리초에 완료되었습니다.
28-Jan-2022 16:02:35.133 정보 [main] org.apache.catalina.startup.HostConfig.deployDirectory 웹 애플리케이션 디렉토리 [E:\tomcat9_2\webapps\host-manager]을(를) 배치합니다.
28-Jan-2022 16:02:35.159 정보 [main] org.apache.catalina.startup.HostConfig.deployDirectory 웹 애플리케이션 디렉토리 [E:\tomcat9_2\webapps\host-manager]에 대한 배치가 [27] 밀리초에 완료되었습니다.
28-Jan-2022 16:02:35.159 정보 [main] org.apache.catalina.startup.HostConfig.deployDirectory 웹 애플리케이션 디렉토리 [E:\tomcat9_2\webapps\manager]을(를) 배치합니다.
28-Jan-2022 16:02:35.184 정보 [main] org.apache.catalina.startup.HostConfig.deployDirectory 웹 애플리케이션 디렉토리 [E:\tomcat9_2\webapps\manager]에 대한 배치가 [25] 밀리초에 완료되었습니다.
28-Jan-2022 16:02:35.185 정보 [main] org.apache.catalina.startup.HostConfig.deployDirectory 웹 애플리케이션 디렉토리 [E:\tomcat9_2\webapps\ROOT]을(를) 배치합니다.
28-Jan-2022 16:02:35.210 정보 [main] org.apache.catalina.startup.HostConfig.deployDirectory 웹 애플리케이션 디렉토리 [E:\tomcat9_2\webapps\ROOT]에 대한 배치가 [25] 밀리초에 완료되었습니다.
28-Jan-2022 16:02:35.215 정보 [main] org.apache.coyote.AbstractProtocol.start 프로토콜 핸들러 ["http-nio-8090"]을(를) 시작합니다.
28-Jan-2022 16:02:35.231 정보 [main] org.apache.catalina.startup.Catalina.start 서버가 [1592] 밀리초 내에 시작되었습니다.
28-Jan-2022 16:08:35.616 정보 [Thread-4] org.apache.coyote.AbstractProtocol.pause 프로토콜 핸들러 ["http-nio-8090"]을(를) 일시 정지 중
28-Jan-2022 16:08:36.210 정보 [Thread-4] org.apache.coyote.AbstractProtocol.pause 프로토콜 핸들러 ["ajp-nio-127.0.0.1-8009"]을(를) 일시 정지 중
28-Jan-2022 16:08:36.210 정보 [Thread-4] org.apache.catalina.core.StandardService.stopInternal 서비스 [Catalina]을(를) 중지시킵니다.
28-Jan-2022 16:08:36.230 정보 [Thread-4] org.apache.coyote.AbstractProtocol.stop 프로토콜 핸들러 ["http-nio-8090"]을(를) 중지시킵니다.
28-Jan-2022 16:08:36.257 정보 [Thread-4] org.apache.coyote.AbstractProtocol.destroy 프로토콜 핸들러 ["http-nio-8090"]을(를) 소멸시킵니다.
28-Jan-2022 16:08:36.257 정보 [Thread-4] org.apache.coyote.AbstractProtocol.stop 프로토콜 핸들러 ["ajp-nio-127.0.0.1-8009"]을(를) 중지시킵니다.
28-Jan-2022 16:08:36.258 정보 [Thread-4] org.apache.coyote.AbstractProtocol.destroy 프로토콜 핸들러 ["ajp-nio-127.0.0.1-8009"]을(를) 소멸시킵니다.
28-Jan-2022 16:08:38.755 정보 [main] org.apache.catalina.startup.VersionLoggerListener.log 서버 버전 이름:    Apache Tomcat/9.0.48
28-Jan-2022 16:08:38.759 정보 [main] org.apache.catalina.startup.VersionLoggerListener.log Server 빌드 시각:  Jun 10 2021 09:22:01 UTC
28-Jan-2022 16:08:38.759 정보 [main] org.apache.catalina.startup.VersionLoggerListener.log Server 버전 번호:  9.0.48.0
28-Jan-2022 16:08:38.759 정보 [main] org.apache.catalina.startup.VersionLoggerListener.log 운영체제 이름:     Windows 10
28-Jan-2022 16:08:38.759 정보 [main] org.apache.catalina.startup.VersionLoggerListener.log 운영체제 버전:     10.0
28-Jan-2022 16:08:38.759 정보 [main] org.apache.catalina.startup.VersionLoggerListener.log 아키텍처:          amd64
28-Jan-2022 16:08:38.759 정보 [main] org.apache.catalina.startup.VersionLoggerListener.log 자바 홈:           C:\jdk1.8\jre
28-Jan-2022 16:08:38.759 정보 [main] org.apache.catalina.startup.VersionLoggerListener.log JVM 버전:          1.8.0_131-b11
28-Jan-2022 16:08:38.759 정보 [main] org.apache.catalina.startup.VersionLoggerListener.log JVM 벤더:          Oracle Corporation
28-Jan-2022 16:08:38.759 정보 [main] org.apache.catalina.startup.VersionLoggerListener.log CATALINA_BASE:     E:\tomcat9_2
28-Jan-2022 16:08:38.759 정보 [main] org.apache.catalina.startup.VersionLoggerListener.log CATALINA_HOME:     E:\tomcat9_2
28-Jan-2022 16:08:38.761 정보 [main] org.apache.catalina.startup.VersionLoggerListener.log 명령 행 아규먼트:  -Dcatalina.home=E:\tomcat9_2
28-Jan-2022 16:08:38.761 정보 [main] org.apache.catalina.startup.VersionLoggerListener.log 명령 행 아규먼트:  -Dcatalina.base=E:\tomcat9_2
28-Jan-2022 16:08:38.761 정보 [main] org.apache.catalina.startup.VersionLoggerListener.log 명령 행 아규먼트:  -Dignore.endorsed.dirs=E:\tomcat9_2\endorsed
28-Jan-2022 16:08:38.761 정보 [main] org.apache.catalina.startup.VersionLoggerListener.log 명령 행 아규먼트:  -Djava.io.tmpdir=E:\tomcat9_2\temp
28-Jan-2022 16:08:38.761 정보 [main] org.apache.catalina.startup.VersionLoggerListener.log 명령 행 아규먼트:  -Djava.util.logging.manager=org.apache.juli.ClassLoaderLogManager
28-Jan-2022 16:08:38.761 정보 [main] org.apache.catalina.startup.VersionLoggerListener.log 명령 행 아규먼트:  -Djava.util.logging.config.file=E:\tomcat9_2\conf\logging.properties
28-Jan-2022 16:08:38.762 정보 [main] org.apache.catalina.startup.VersionLoggerListener.log 명령 행 아규먼트:  exit
28-Jan-2022 16:08:38.762 정보 [main] org.apache.catalina.startup.VersionLoggerListener.log 명령 행 아규먼트:  abort
28-Jan-2022 16:08:38.762 정보 [main] org.apache.catalina.startup.VersionLoggerListener.log 명령 행 아규먼트:  -Xms128m
28-Jan-2022 16:08:38.762 정보 [main] org.apache.catalina.startup.VersionLoggerListener.log 명령 행 아규먼트:  -Xmx256m
28-Jan-2022 16:08:38.765 정보 [main] org.apache.catalina.core.AprLifecycleListener.lifecycleEvent APR 버전 [1.7.0]을(를) 사용한, APR 기반 Apache Tomcat Native 라이브러리 [1.2.30]을(를) 로드했습니다.
28-Jan-2022 16:08:38.766 정보 [main] org.apache.catalina.core.AprLifecycleListener.lifecycleEvent APR 용량정보들: IPv6 [true], sendfile [true], accept filters [false], random [true], UDS [true].
28-Jan-2022 16:08:38.766 정보 [main] org.apache.catalina.core.AprLifecycleListener.lifecycleEvent APR/OpenSSL 설정: useAprConnector [false], useOpenSSL [true]
28-Jan-2022 16:08:38.773 정보 [main] org.apache.catalina.core.AprLifecycleListener.initializeSSL OpenSSL이 성공적으로 초기화되었습니다: [OpenSSL 1.1.1k  25 Mar 2021]
28-Jan-2022 16:08:39.097 정보 [main] org.apache.coyote.AbstractProtocol.init 프로토콜 핸들러 ["http-nio-8090"]을(를) 초기화합니다.
28-Jan-2022 16:08:39.118 정보 [main] org.apache.coyote.AbstractProtocol.init 프로토콜 핸들러 ["ajp-nio-127.0.0.1-8099"]을(를) 초기화합니다.
28-Jan-2022 16:08:39.120 정보 [main] org.apache.catalina.startup.Catalina.load [558] 밀리초 내에 서버가 초기화되었습니다.
28-Jan-2022 16:08:39.147 정보 [main] org.apache.catalina.core.StandardService.startInternal 서비스 [Catalina]을(를) 시작합니다.
28-Jan-2022 16:08:39.147 정보 [main] org.apache.catalina.core.StandardEngine.startInternal 서버 엔진을 시작합니다: [Apache Tomcat/9.0.48]
28-Jan-2022 16:08:39.159 정보 [main] org.apache.catalina.startup.HostConfig.deployDirectory 웹 애플리케이션 디렉토리 [E:\tomcat9_2\webapps\docs]을(를) 배치합니다.
28-Jan-2022 16:08:40.262 경고 [main] org.apache.catalina.util.SessionIdGeneratorBase.createSecureRandom [SHA1PRNG] 알고리즘을 사용하여, 세션 ID를 생성하기 위한 SecureRandom 객체를 생성하는데, [894] 밀리초가 소요됐습니다.
28-Jan-2022 16:08:40.287 정보 [main] org.apache.catalina.startup.HostConfig.deployDirectory 웹 애플리케이션 디렉토리 [E:\tomcat9_2\webapps\docs]에 대한 배치가 [1,129] 밀리초에 완료되었습니다.
28-Jan-2022 16:08:40.288 정보 [main] org.apache.catalina.startup.HostConfig.deployDirectory 웹 애플리케이션 디렉토리 [E:\tomcat9_2\webapps\examples]을(를) 배치합니다.
28-Jan-2022 16:08:40.752 정보 [main] org.apache.catalina.startup.HostConfig.deployDirectory 웹 애플리케이션 디렉토리 [E:\tomcat9_2\webapps\examples]에 대한 배치가 [464] 밀리초에 완료되었습니다.
28-Jan-2022 16:08:40.752 정보 [main] org.apache.catalina.startup.HostConfig.deployDirectory 웹 애플리케이션 디렉토리 [E:\tomcat9_2\webapps\host-manager]을(를) 배치합니다.
28-Jan-2022 16:08:40.787 정보 [main] org.apache.catalina.startup.HostConfig.deployDirectory 웹 애플리케이션 디렉토리 [E:\tomcat9_2\webapps\host-manager]에 대한 배치가 [35] 밀리초에 완료되었습니다.
28-Jan-2022 16:08:40.788 정보 [main] org.apache.catalina.startup.HostConfig.deployDirectory 웹 애플리케이션 디렉토리 [E:\tomcat9_2\webapps\manager]을(를) 배치합니다.
28-Jan-2022 16:08:40.817 정보 [main] org.apache.catalina.startup.HostConfig.deployDirectory 웹 애플리케이션 디렉토리 [E:\tomcat9_2\webapps\manager]에 대한 배치가 [29] 밀리초에 완료되었습니다.
28-Jan-2022 16:08:40.818 정보 [main] org.apache.catalina.startup.HostConfig.deployDirectory 웹 애플리케이션 디렉토리 [E:\tomcat9_2\webapps\ROOT]을(를) 배치합니다.
28-Jan-2022 16:08:40.848 정보 [main] org.apache.catalina.startup.HostConfig.deployDirectory 웹 애플리케이션 디렉토리 [E:\tomcat9_2\webapps\ROOT]에 대한 배치가 [30] 밀리초에 완료되었습니다.
28-Jan-2022 16:08:40.851 정보 [main] org.apache.coyote.AbstractProtocol.start 프로토콜 핸들러 ["http-nio-8090"]을(를) 시작합니다.
28-Jan-2022 16:08:40.869 정보 [main] org.apache.coyote.AbstractProtocol.start 프로토콜 핸들러 ["ajp-nio-127.0.0.1-8099"]을(를) 시작합니다.
28-Jan-2022 16:08:40.872 정보 [main] org.apache.catalina.startup.Catalina.start 서버가 [1752] 밀리초 내에 시작되었습니다.
28-Jan-2022 16:10:00.987 정보 [Catalina-utility-2] org.apache.catalina.startup.HostConfig.deployDirectory 웹 애플리케이션 디렉토리 [E:\tomcat9_2\webapps\was-test-0.0.1-SNAPSHOT]을(를) 배치합니다.
28-Jan-2022 16:10:03.270 정보 [Catalina-utility-2] org.apache.jasper.servlet.TldScanner.scanJars 적어도 하나의 JAR가 TLD들을 찾기 위해 스캔되었으나 아무 것도 찾지 못했습니다. 스캔했으나 TLD가 없는 JAR들의 전체 목록을 보시려면, 로그 레벨을 디버그 레벨로 설정하십시오. 스캔 과정에서 불필요한 JAR들을 건너뛰면, 시스템 시작 시간과 JSP 컴파일 시간을 단축시킬 수 있습니다.
28-Jan-2022 16:10:06.912 정보 [Catalina-utility-2] org.apache.catalina.startup.HostConfig.deployDirectory 웹 애플리케이션 디렉토리 [E:\tomcat9_2\webapps\was-test-0.0.1-SNAPSHOT]에 대한 배치가 [5,925] 밀리초에 완료되었습니다.
28-Jan-2022 16:10:13.069 정보 [Thread-5] org.apache.coyote.AbstractProtocol.pause 프로토콜 핸들러 ["http-nio-8090"]을(를) 일시 정지 중
28-Jan-2022 16:10:13.651 정보 [Thread-5] org.apache.coyote.AbstractProtocol.pause 프로토콜 핸들러 ["ajp-nio-127.0.0.1-8099"]을(를) 일시 정지 중
28-Jan-2022 16:10:13.658 정보 [Thread-5] org.apache.catalina.core.StandardService.stopInternal 서비스 [Catalina]을(를) 중지시킵니다.
28-Jan-2022 16:10:13.708 정보 [Thread-5] org.apache.coyote.AbstractProtocol.stop 프로토콜 핸들러 ["http-nio-8090"]을(를) 중지시킵니다.
28-Jan-2022 16:10:13.763 정보 [Thread-5] org.apache.coyote.AbstractProtocol.stop 프로토콜 핸들러 ["ajp-nio-127.0.0.1-8099"]을(를) 중지시킵니다.
28-Jan-2022 16:10:13.825 정보 [Thread-5] org.apache.coyote.AbstractProtocol.destroy 프로토콜 핸들러 ["http-nio-8090"]을(를) 소멸시킵니다.
28-Jan-2022 16:10:13.826 정보 [Thread-5] org.apache.coyote.AbstractProtocol.destroy 프로토콜 핸들러 ["ajp-nio-127.0.0.1-8099"]을(를) 소멸시킵니다.
28-Jan-2022 16:10:18.360 경고 [main] org.apache.catalina.core.StandardContext.setPath 컨텍스트 경로는 반드시 빈 문자열이거나, 또는 '/'로 시작하고 '/'로 끝나지 않는 문자열이어야 합니다. 해당 경로 [/]은(는) 이 조건을 충족시키지 않아 [](으)로 변경되었습니다.
28-Jan-2022 16:10:18.375 정보 [main] org.apache.catalina.startup.VersionLoggerListener.log 서버 버전 이름:    Apache Tomcat/9.0.48
28-Jan-2022 16:10:18.375 정보 [main] org.apache.catalina.startup.VersionLoggerListener.log Server 빌드 시각:  Jun 10 2021 09:22:01 UTC
28-Jan-2022 16:10:18.375 정보 [main] org.apache.catalina.startup.VersionLoggerListener.log Server 버전 번호:  9.0.48.0
28-Jan-2022 16:10:18.375 정보 [main] org.apache.catalina.startup.VersionLoggerListener.log 운영체제 이름:     Windows 10
28-Jan-2022 16:10:18.375 정보 [main] org.apache.catalina.startup.VersionLoggerListener.log 운영체제 버전:     10.0
28-Jan-2022 16:10:18.375 정보 [main] org.apache.catalina.startup.VersionLoggerListener.log 아키텍처:          amd64
28-Jan-2022 16:10:18.376 정보 [main] org.apache.catalina.startup.VersionLoggerListener.log 자바 홈:           C:\jdk1.8\jre
28-Jan-2022 16:10:18.376 정보 [main] org.apache.catalina.startup.VersionLoggerListener.log JVM 버전:          1.8.0_131-b11
28-Jan-2022 16:10:18.376 정보 [main] org.apache.catalina.startup.VersionLoggerListener.log JVM 벤더:          Oracle Corporation
28-Jan-2022 16:10:18.376 정보 [main] org.apache.catalina.startup.VersionLoggerListener.log CATALINA_BASE:     E:\tomcat9_2
28-Jan-2022 16:10:18.376 정보 [main] org.apache.catalina.startup.VersionLoggerListener.log CATALINA_HOME:     E:\tomcat9_2
28-Jan-2022 16:10:18.377 정보 [main] org.apache.catalina.startup.VersionLoggerListener.log 명령 행 아규먼트:  -Dcatalina.home=E:\tomcat9_2
28-Jan-2022 16:10:18.377 정보 [main] org.apache.catalina.startup.VersionLoggerListener.log 명령 행 아규먼트:  -Dcatalina.base=E:\tomcat9_2
28-Jan-2022 16:10:18.377 정보 [main] org.apache.catalina.startup.VersionLoggerListener.log 명령 행 아규먼트:  -Dignore.endorsed.dirs=E:\tomcat9_2\endorsed
28-Jan-2022 16:10:18.377 정보 [main] org.apache.catalina.startup.VersionLoggerListener.log 명령 행 아규먼트:  -Djava.io.tmpdir=E:\tomcat9_2\temp
28-Jan-2022 16:10:18.377 정보 [main] org.apache.catalina.startup.VersionLoggerListener.log 명령 행 아규먼트:  -Djava.util.logging.manager=org.apache.juli.ClassLoaderLogManager
28-Jan-2022 16:10:18.377 정보 [main] org.apache.catalina.startup.VersionLoggerListener.log 명령 행 아규먼트:  -Djava.util.logging.config.file=E:\tomcat9_2\conf\logging.properties
28-Jan-2022 16:10:18.378 정보 [main] org.apache.catalina.startup.VersionLoggerListener.log 명령 행 아규먼트:  exit
28-Jan-2022 16:10:18.378 정보 [main] org.apache.catalina.startup.VersionLoggerListener.log 명령 행 아규먼트:  abort
28-Jan-2022 16:10:18.378 정보 [main] org.apache.catalina.startup.VersionLoggerListener.log 명령 행 아규먼트:  -Xms128m
28-Jan-2022 16:10:18.378 정보 [main] org.apache.catalina.startup.VersionLoggerListener.log 명령 행 아규먼트:  -Xmx256m
28-Jan-2022 16:10:18.380 정보 [main] org.apache.catalina.core.AprLifecycleListener.lifecycleEvent APR 버전 [1.7.0]을(를) 사용한, APR 기반 Apache Tomcat Native 라이브러리 [1.2.30]을(를) 로드했습니다.
28-Jan-2022 16:10:18.381 정보 [main] org.apache.catalina.core.AprLifecycleListener.lifecycleEvent APR 용량정보들: IPv6 [true], sendfile [true], accept filters [false], random [true], UDS [true].
28-Jan-2022 16:10:18.381 정보 [main] org.apache.catalina.core.AprLifecycleListener.lifecycleEvent APR/OpenSSL 설정: useAprConnector [false], useOpenSSL [true]
28-Jan-2022 16:10:18.387 정보 [main] org.apache.catalina.core.AprLifecycleListener.initializeSSL OpenSSL이 성공적으로 초기화되었습니다: [OpenSSL 1.1.1k  25 Mar 2021]
28-Jan-2022 16:10:18.725 정보 [main] org.apache.coyote.AbstractProtocol.init 프로토콜 핸들러 ["http-nio-8090"]을(를) 초기화합니다.
28-Jan-2022 16:10:18.753 정보 [main] org.apache.coyote.AbstractProtocol.init 프로토콜 핸들러 ["ajp-nio-127.0.0.1-8099"]을(를) 초기화합니다.
28-Jan-2022 16:10:18.755 정보 [main] org.apache.catalina.startup.Catalina.load [613] 밀리초 내에 서버가 초기화되었습니다.
28-Jan-2022 16:10:18.781 정보 [main] org.apache.catalina.core.StandardService.startInternal 서비스 [Catalina]을(를) 시작합니다.
28-Jan-2022 16:10:18.781 정보 [main] org.apache.catalina.core.StandardEngine.startInternal 서버 엔진을 시작합니다: [Apache Tomcat/9.0.48]
28-Jan-2022 16:10:21.314 정보 [main] org.apache.jasper.servlet.TldScanner.scanJars 적어도 하나의 JAR가 TLD들을 찾기 위해 스캔되었으나 아무 것도 찾지 못했습니다. 스캔했으나 TLD가 없는 JAR들의 전체 목록을 보시려면, 로그 레벨을 디버그 레벨로 설정하십시오. 스캔 과정에서 불필요한 JAR들을 건너뛰면, 시스템 시작 시간과 JSP 컴파일 시간을 단축시킬 수 있습니다.
28-Jan-2022 16:10:26.073 경고 [main] org.apache.catalina.util.SessionIdGeneratorBase.createSecureRandom [SHA1PRNG] 알고리즘을 사용하여, 세션 ID를 생성하기 위한 SecureRandom 객체를 생성하는데, [772] 밀리초가 소요됐습니다.
28-Jan-2022 16:10:26.093 정보 [main] org.apache.catalina.startup.HostConfig.deployDirectory 웹 애플리케이션 디렉토리 [E:\tomcat9_2\webapps\docs]을(를) 배치합니다.
28-Jan-2022 16:10:26.117 정보 [main] org.apache.catalina.startup.HostConfig.deployDirectory 웹 애플리케이션 디렉토리 [E:\tomcat9_2\webapps\docs]에 대한 배치가 [25] 밀리초에 완료되었습니다.
28-Jan-2022 16:10:26.117 정보 [main] org.apache.catalina.startup.HostConfig.deployDirectory 웹 애플리케이션 디렉토리 [E:\tomcat9_2\webapps\examples]을(를) 배치합니다.
28-Jan-2022 16:10:26.399 정보 [main] org.apache.catalina.startup.HostConfig.deployDirectory 웹 애플리케이션 디렉토리 [E:\tomcat9_2\webapps\examples]에 대한 배치가 [282] 밀리초에 완료되었습니다.
28-Jan-2022 16:10:26.399 정보 [main] org.apache.catalina.startup.HostConfig.deployDirectory 웹 애플리케이션 디렉토리 [E:\tomcat9_2\webapps\host-manager]을(를) 배치합니다.
28-Jan-2022 16:10:26.432 정보 [main] org.apache.catalina.startup.HostConfig.deployDirectory 웹 애플리케이션 디렉토리 [E:\tomcat9_2\webapps\host-manager]에 대한 배치가 [33] 밀리초에 완료되었습니다.
28-Jan-2022 16:10:26.432 정보 [main] org.apache.catalina.startup.HostConfig.deployDirectory 웹 애플리케이션 디렉토리 [E:\tomcat9_2\webapps\manager]을(를) 배치합니다.
28-Jan-2022 16:10:26.451 정보 [main] org.apache.catalina.startup.HostConfig.deployDirectory 웹 애플리케이션 디렉토리 [E:\tomcat9_2\webapps\manager]에 대한 배치가 [19] 밀리초에 완료되었습니다.
28-Jan-2022 16:10:26.451 정보 [main] org.apache.catalina.startup.HostConfig.deployDirectory 웹 애플리케이션 디렉토리 [E:\tomcat9_2\webapps\was-test-0.0.1-SNAPSHOT]을(를) 배치합니다.
28-Jan-2022 16:10:28.362 정보 [main] org.apache.jasper.servlet.TldScanner.scanJars 적어도 하나의 JAR가 TLD들을 찾기 위해 스캔되었으나 아무 것도 찾지 못했습니다. 스캔했으나 TLD가 없는 JAR들의 전체 목록을 보시려면, 로그 레벨을 디버그 레벨로 설정하십시오. 스캔 과정에서 불필요한 JAR들을 건너뛰면, 시스템 시작 시간과 JSP 컴파일 시간을 단축시킬 수 있습니다.
28-Jan-2022 16:10:31.440 정보 [main] org.apache.catalina.startup.HostConfig.deployDirectory 웹 애플리케이션 디렉토리 [E:\tomcat9_2\webapps\was-test-0.0.1-SNAPSHOT]에 대한 배치가 [4,989] 밀리초에 완료되었습니다.
28-Jan-2022 16:10:31.443 정보 [main] org.apache.coyote.AbstractProtocol.start 프로토콜 핸들러 ["http-nio-8090"]을(를) 시작합니다.
28-Jan-2022 16:10:31.457 정보 [main] org.apache.coyote.AbstractProtocol.start 프로토콜 핸들러 ["ajp-nio-127.0.0.1-8099"]을(를) 시작합니다.
28-Jan-2022 16:10:31.460 정보 [main] org.apache.catalina.startup.Catalina.start 서버가 [12704] 밀리초 내에 시작되었습니다.
28-Jan-2022 16:17:01.247 정보 [Catalina-utility-2] org.apache.catalina.startup.HostConfig.undeploy 컨텍스트 [/was-test-0.0.1-SNAPSHOT]의 배치를 제거합니다.
28-Jan-2022 16:17:01.393 정보 [Catalina-utility-2] org.apache.catalina.startup.HostConfig.deployWAR 웹 애플리케이션 아카이브 [E:\tomcat9_2\webapps\was-test-0.0.1-SNAPSHOT.war]을(를) 배치합니다.
28-Jan-2022 16:17:04.258 정보 [Catalina-utility-2] org.apache.jasper.servlet.TldScanner.scanJars 적어도 하나의 JAR가 TLD들을 찾기 위해 스캔되었으나 아무 것도 찾지 못했습니다. 스캔했으나 TLD가 없는 JAR들의 전체 목록을 보시려면, 로그 레벨을 디버그 레벨로 설정하십시오. 스캔 과정에서 불필요한 JAR들을 건너뛰면, 시스템 시작 시간과 JSP 컴파일 시간을 단축시킬 수 있습니다.
28-Jan-2022 16:17:07.169 정보 [Catalina-utility-2] org.apache.catalina.startup.HostConfig.deployWAR 웹 애플리케이션 아카이브 [E:\tomcat9_2\webapps\was-test-0.0.1-SNAPSHOT.war]의 배치가 [5,776] 밀리초에 완료되었습니다.
28-Jan-2022 17:06:18.457 정보 [Thread-7] org.apache.coyote.AbstractProtocol.pause 프로토콜 핸들러 ["http-nio-8090"]을(를) 일시 정지 중
28-Jan-2022 17:06:19.037 정보 [Thread-7] org.apache.coyote.AbstractProtocol.pause 프로토콜 핸들러 ["ajp-nio-127.0.0.1-8099"]을(를) 일시 정지 중
28-Jan-2022 17:06:19.043 정보 [Thread-7] org.apache.catalina.core.StandardService.stopInternal 서비스 [Catalina]을(를) 중지시킵니다.
28-Jan-2022 17:06:19.112 정보 [Thread-7] org.apache.coyote.AbstractProtocol.stop 프로토콜 핸들러 ["http-nio-8090"]을(를) 중지시킵니다.
28-Jan-2022 17:06:19.145 정보 [Thread-7] org.apache.coyote.AbstractProtocol.stop 프로토콜 핸들러 ["ajp-nio-127.0.0.1-8099"]을(를) 중지시킵니다.
28-Jan-2022 17:06:19.208 정보 [Thread-7] org.apache.coyote.AbstractProtocol.destroy 프로토콜 핸들러 ["http-nio-8090"]을(를) 소멸시킵니다.
28-Jan-2022 17:06:19.209 정보 [Thread-7] org.apache.coyote.AbstractProtocol.destroy 프로토콜 핸들러 ["ajp-nio-127.0.0.1-8099"]을(를) 소멸시킵니다.
28-Jan-2022 17:09:50.802 경고 [main] org.apache.catalina.core.StandardContext.setPath 컨텍스트 경로는 반드시 빈 문자열이거나, 또는 '/'로 시작하고 '/'로 끝나지 않는 문자열이어야 합니다. 해당 경로 [/]은(는) 이 조건을 충족시키지 않아 [](으)로 변경되었습니다.
28-Jan-2022 17:09:50.815 정보 [main] org.apache.catalina.startup.VersionLoggerListener.log 서버 버전 이름:    Apache Tomcat/9.0.48
28-Jan-2022 17:09:50.815 정보 [main] org.apache.catalina.startup.VersionLoggerListener.log Server 빌드 시각:  Jun 10 2021 09:22:01 UTC
28-Jan-2022 17:09:50.815 정보 [main] org.apache.catalina.startup.VersionLoggerListener.log Server 버전 번호:  9.0.48.0
28-Jan-2022 17:09:50.815 정보 [main] org.apache.catalina.startup.VersionLoggerListener.log 운영체제 이름:     Windows 10
28-Jan-2022 17:09:50.815 정보 [main] org.apache.catalina.startup.VersionLoggerListener.log 운영체제 버전:     10.0
28-Jan-2022 17:09:50.815 정보 [main] org.apache.catalina.startup.VersionLoggerListener.log 아키텍처:          amd64
28-Jan-2022 17:09:50.816 정보 [main] org.apache.catalina.startup.VersionLoggerListener.log 자바 홈:           C:\jdk1.8\jre
28-Jan-2022 17:09:50.816 정보 [main] org.apache.catalina.startup.VersionLoggerListener.log JVM 버전:          1.8.0_131-b11
28-Jan-2022 17:09:50.816 정보 [main] org.apache.catalina.startup.VersionLoggerListener.log JVM 벤더:          Oracle Corporation
28-Jan-2022 17:09:50.816 정보 [main] org.apache.catalina.startup.VersionLoggerListener.log CATALINA_BASE:     E:\tomcat9_2
28-Jan-2022 17:09:50.816 정보 [main] org.apache.catalina.startup.VersionLoggerListener.log CATALINA_HOME:     E:\tomcat9_2
28-Jan-2022 17:09:50.817 정보 [main] org.apache.catalina.startup.VersionLoggerListener.log 명령 행 아규먼트:  -Dcatalina.home=E:\tomcat9_2
28-Jan-2022 17:09:50.817 정보 [main] org.apache.catalina.startup.VersionLoggerListener.log 명령 행 아규먼트:  -Dcatalina.base=E:\tomcat9_2
28-Jan-2022 17:09:50.817 정보 [main] org.apache.catalina.startup.VersionLoggerListener.log 명령 행 아규먼트:  -Dignore.endorsed.dirs=E:\tomcat9_2\endorsed
28-Jan-2022 17:09:50.820 정보 [main] org.apache.catalina.startup.VersionLoggerListener.log 명령 행 아규먼트:  -Djava.io.tmpdir=E:\tomcat9_2\temp
28-Jan-2022 17:09:50.820 정보 [main] org.apache.catalina.startup.VersionLoggerListener.log 명령 행 아규먼트:  -Djava.util.logging.manager=org.apache.juli.ClassLoaderLogManager
28-Jan-2022 17:09:50.820 정보 [main] org.apache.catalina.startup.VersionLoggerListener.log 명령 행 아규먼트:  -Djava.util.logging.config.file=E:\tomcat9_2\conf\logging.properties
28-Jan-2022 17:09:50.820 정보 [main] org.apache.catalina.startup.VersionLoggerListener.log 명령 행 아규먼트:  exit
28-Jan-2022 17:09:50.820 정보 [main] org.apache.catalina.startup.VersionLoggerListener.log 명령 행 아규먼트:  abort
28-Jan-2022 17:09:50.821 정보 [main] org.apache.catalina.startup.VersionLoggerListener.log 명령 행 아규먼트:  -Xms128m
28-Jan-2022 17:09:50.821 정보 [main] org.apache.catalina.startup.VersionLoggerListener.log 명령 행 아규먼트:  -Xmx256m
28-Jan-2022 17:09:50.824 정보 [main] org.apache.catalina.core.AprLifecycleListener.lifecycleEvent APR 버전 [1.7.0]을(를) 사용한, APR 기반 Apache Tomcat Native 라이브러리 [1.2.30]을(를) 로드했습니다.
28-Jan-2022 17:09:50.824 정보 [main] org.apache.catalina.core.AprLifecycleListener.lifecycleEvent APR 용량정보들: IPv6 [true], sendfile [true], accept filters [false], random [true], UDS [true].
28-Jan-2022 17:09:50.824 정보 [main] org.apache.catalina.core.AprLifecycleListener.lifecycleEvent APR/OpenSSL 설정: useAprConnector [false], useOpenSSL [true]
28-Jan-2022 17:09:50.830 정보 [main] org.apache.catalina.core.AprLifecycleListener.initializeSSL OpenSSL이 성공적으로 초기화되었습니다: [OpenSSL 1.1.1k  25 Mar 2021]
28-Jan-2022 17:09:51.168 정보 [main] org.apache.coyote.AbstractProtocol.init 프로토콜 핸들러 ["http-nio-8090"]을(를) 초기화합니다.
28-Jan-2022 17:09:51.191 정보 [main] org.apache.coyote.AbstractProtocol.init 프로토콜 핸들러 ["ajp-nio-127.0.0.1-8099"]을(를) 초기화합니다.
28-Jan-2022 17:09:51.192 정보 [main] org.apache.catalina.startup.Catalina.load [665] 밀리초 내에 서버가 초기화되었습니다.
28-Jan-2022 17:09:51.216 정보 [main] org.apache.catalina.core.StandardService.startInternal 서비스 [Catalina]을(를) 시작합니다.
28-Jan-2022 17:09:51.216 정보 [main] org.apache.catalina.core.StandardEngine.startInternal 서버 엔진을 시작합니다: [Apache Tomcat/9.0.48]
28-Jan-2022 17:09:51.219 정보 [main] org.apache.catalina.ha.tcp.SimpleTcpCluster.startInternal 클러스터가 막 시작하려 합니다.
28-Jan-2022 17:09:52.366 정보 [main] org.apache.catalina.tribes.transport.ReceiverBase.bind Receiver 서버 소켓이 [/10.0.0.140:4001]에 바인딩 되었습니다.
28-Jan-2022 17:09:52.381 정보 [main] org.apache.catalina.tribes.membership.McastServiceImpl.setupSocket 클러스터 멀티캐스트의 soTimeout을 [500](으)로 설정합니다.
28-Jan-2022 17:09:52.384 정보 [main] org.apache.catalina.tribes.membership.McastServiceImpl.waitForMembers 클러스터 멤버십을 확립하기 위해, [1000] 밀리초 동안 잠에 듭니다. 시작 레벨: [4]
28-Jan-2022 17:09:52.740 정보 [Membership-MemberAdded] org.apache.catalina.ha.tcp.SimpleTcpCluster.memberAdded 복제 멤버가 추가됨: [org.apache.catalina.tribes.membership.MemberImpl[tcp://{10, 0, 0, 140}:4000,{10, 0, 0, 140},4000, alive=3539, securePort=-1, UDP Port=-1, id={42 76 -21 -95 23 -65 75 107 -77 28 -75 -66 -84 -110 61 -117 }, payload={}, command={}, domain={}]]
28-Jan-2022 17:09:53.386 정보 [main] org.apache.catalina.tribes.membership.McastServiceImpl.waitForMembers 잠들기가 끝났습니다. 멤버십이 확립되었고, 시작 레벨은 [4]입니다.
28-Jan-2022 17:09:53.390 정보 [main] org.apache.catalina.tribes.membership.McastServiceImpl.waitForMembers 클러스터 멤버십을 확립하기 위해, [1000] 밀리초 동안 잠에 듭니다. 시작 레벨: [8]
28-Jan-2022 17:09:53.401 정보 [Tribes-Task-Receiver[Catalina-Channel]-1] org.apache.catalina.tribes.io.BufferPool.getBufferPool 타입이 [org.apache.catalina.tribes.io.BufferPool15Impl](이)고 최대 크기가 [104857600] 바이트를 사용하여 버퍼 풀을 생성했습니다.
28-Jan-2022 17:09:54.403 정보 [main] org.apache.catalina.tribes.membership.McastServiceImpl.waitForMembers 잠들기가 끝났습니다. 멤버십이 확립되었고, 시작 레벨은 [8]입니다.
28-Jan-2022 17:09:54.840 정보 [main] org.apache.catalina.startup.HostConfig.deployWAR 웹 애플리케이션 아카이브 [E:\tomcat9_2\webapps\was-test-0.0.1-SNAPSHOT.war]을(를) 배치합니다.
28-Jan-2022 17:09:59.191 정보 [main] org.apache.jasper.servlet.TldScanner.scanJars 적어도 하나의 JAR가 TLD들을 찾기 위해 스캔되었으나 아무 것도 찾지 못했습니다. 스캔했으나 TLD가 없는 JAR들의 전체 목록을 보시려면, 로그 레벨을 디버그 레벨로 설정하십시오. 스캔 과정에서 불필요한 JAR들을 건너뛰면, 시스템 시작 시간과 JSP 컴파일 시간을 단축시킬 수 있습니다.
28-Jan-2022 17:10:04.063 정보 [main] org.apache.catalina.startup.HostConfig.deployWAR 웹 애플리케이션 아카이브 [E:\tomcat9_2\webapps\was-test-0.0.1-SNAPSHOT.war]의 배치가 [9,222] 밀리초에 완료되었습니다.
28-Jan-2022 17:10:04.064 정보 [main] org.apache.catalina.startup.HostConfig.deployDirectory 웹 애플리케이션 디렉토리 [E:\tomcat9_2\webapps\docs]을(를) 배치합니다.
28-Jan-2022 17:10:04.087 정보 [main] org.apache.catalina.startup.HostConfig.deployDirectory 웹 애플리케이션 디렉토리 [E:\tomcat9_2\webapps\docs]에 대한 배치가 [23] 밀리초에 완료되었습니다.
28-Jan-2022 17:10:04.088 정보 [main] org.apache.catalina.startup.HostConfig.deployDirectory 웹 애플리케이션 디렉토리 [E:\tomcat9_2\webapps\examples]을(를) 배치합니다.
28-Jan-2022 17:10:04.584 정보 [main] org.apache.catalina.startup.HostConfig.deployDirectory 웹 애플리케이션 디렉토리 [E:\tomcat9_2\webapps\examples]에 대한 배치가 [497] 밀리초에 완료되었습니다.
28-Jan-2022 17:10:04.584 정보 [main] org.apache.catalina.startup.HostConfig.deployDirectory 웹 애플리케이션 디렉토리 [E:\tomcat9_2\webapps\host-manager]을(를) 배치합니다.
28-Jan-2022 17:10:04.615 정보 [main] org.apache.catalina.startup.HostConfig.deployDirectory 웹 애플리케이션 디렉토리 [E:\tomcat9_2\webapps\host-manager]에 대한 배치가 [30] 밀리초에 완료되었습니다.
28-Jan-2022 17:10:04.615 정보 [main] org.apache.catalina.startup.HostConfig.deployDirectory 웹 애플리케이션 디렉토리 [E:\tomcat9_2\webapps\manager]을(를) 배치합니다.
28-Jan-2022 17:10:04.649 정보 [main] org.apache.catalina.startup.HostConfig.deployDirectory 웹 애플리케이션 디렉토리 [E:\tomcat9_2\webapps\manager]에 대한 배치가 [34] 밀리초에 완료되었습니다.
28-Jan-2022 17:10:04.656 정보 [main] org.apache.catalina.ha.session.JvmRouteBinderValve.startInternal JvmRouteBinderValve가 시작됐습니다.
28-Jan-2022 17:10:04.659 정보 [main] org.apache.coyote.AbstractProtocol.start 프로토콜 핸들러 ["http-nio-8090"]을(를) 시작합니다.
28-Jan-2022 17:10:04.671 정보 [main] org.apache.coyote.AbstractProtocol.start 프로토콜 핸들러 ["ajp-nio-127.0.0.1-8099"]을(를) 시작합니다.
28-Jan-2022 17:10:04.674 정보 [main] org.apache.catalina.startup.Catalina.start 서버가 [13481] 밀리초 내에 시작되었습니다.
28-Jan-2022 17:12:54.265 정보 [Membership-MemberDisappeared] org.apache.catalina.ha.tcp.SimpleTcpCluster.memberDisappeared 멤버 사라짐 메시지를 수신했습니다: [org.apache.catalina.tribes.membership.MemberImpl[tcp://{10, 0, 0, 140}:4000,{10, 0, 0, 140},4000, alive=185069, securePort=-1, UDP Port=-1, id={42 76 -21 -95 23 -65 75 107 -77 28 -75 -66 -84 -110 61 -117 }, payload={}, command={66 65 66 89 45 65 76 69 88 ...(9)}, domain={}]]
28-Jan-2022 17:12:55.436 정보 [Thread-7] org.apache.coyote.AbstractProtocol.pause 프로토콜 핸들러 ["http-nio-8090"]을(를) 일시 정지 중
28-Jan-2022 17:12:56.040 정보 [Thread-7] org.apache.coyote.AbstractProtocol.pause 프로토콜 핸들러 ["ajp-nio-127.0.0.1-8099"]을(를) 일시 정지 중
28-Jan-2022 17:12:56.047 정보 [Thread-7] org.apache.catalina.core.StandardService.stopInternal 서비스 [Catalina]을(를) 중지시킵니다.
28-Jan-2022 17:12:56.047 정보 [Thread-7] org.apache.catalina.ha.session.JvmRouteBinderValve.stopInternal JvmRouteBinderValve가 중지되었습니다.
28-Jan-2022 17:12:56.230 정보 [Thread-7] org.apache.coyote.AbstractProtocol.stop 프로토콜 핸들러 ["http-nio-8090"]을(를) 중지시킵니다.
28-Jan-2022 17:12:56.263 정보 [Thread-7] org.apache.coyote.AbstractProtocol.stop 프로토콜 핸들러 ["ajp-nio-127.0.0.1-8099"]을(를) 중지시킵니다.
28-Jan-2022 17:12:56.286 정보 [Thread-7] org.apache.coyote.AbstractProtocol.destroy 프로토콜 핸들러 ["http-nio-8090"]을(를) 소멸시킵니다.
28-Jan-2022 17:12:56.287 정보 [Thread-7] org.apache.coyote.AbstractProtocol.destroy 프로토콜 핸들러 ["ajp-nio-127.0.0.1-8099"]을(를) 소멸시킵니다.
28-Jan-2022 17:14:28.133 경고 [main] org.apache.catalina.core.StandardContext.setPath 컨텍스트 경로는 반드시 빈 문자열이거나, 또는 '/'로 시작하고 '/'로 끝나지 않는 문자열이어야 합니다. 해당 경로 [/]은(는) 이 조건을 충족시키지 않아 [](으)로 변경되었습니다.
28-Jan-2022 17:14:28.146 정보 [main] org.apache.catalina.startup.VersionLoggerListener.log 서버 버전 이름:    Apache Tomcat/9.0.48
28-Jan-2022 17:14:28.146 정보 [main] org.apache.catalina.startup.VersionLoggerListener.log Server 빌드 시각:  Jun 10 2021 09:22:01 UTC
28-Jan-2022 17:14:28.146 정보 [main] org.apache.catalina.startup.VersionLoggerListener.log Server 버전 번호:  9.0.48.0
28-Jan-2022 17:14:28.146 정보 [main] org.apache.catalina.startup.VersionLoggerListener.log 운영체제 이름:     Windows 10
28-Jan-2022 17:14:28.146 정보 [main] org.apache.catalina.startup.VersionLoggerListener.log 운영체제 버전:     10.0
28-Jan-2022 17:14:28.146 정보 [main] org.apache.catalina.startup.VersionLoggerListener.log 아키텍처:          amd64
28-Jan-2022 17:14:28.147 정보 [main] org.apache.catalina.startup.VersionLoggerListener.log 자바 홈:           C:\jdk1.8\jre
28-Jan-2022 17:14:28.147 정보 [main] org.apache.catalina.startup.VersionLoggerListener.log JVM 버전:          1.8.0_131-b11
28-Jan-2022 17:14:28.147 정보 [main] org.apache.catalina.startup.VersionLoggerListener.log JVM 벤더:          Oracle Corporation
28-Jan-2022 17:14:28.147 정보 [main] org.apache.catalina.startup.VersionLoggerListener.log CATALINA_BASE:     E:\tomcat9_2
28-Jan-2022 17:14:28.147 정보 [main] org.apache.catalina.startup.VersionLoggerListener.log CATALINA_HOME:     E:\tomcat9_2
28-Jan-2022 17:14:28.148 정보 [main] org.apache.catalina.startup.VersionLoggerListener.log 명령 행 아규먼트:  -Dcatalina.home=E:\tomcat9_2
28-Jan-2022 17:14:28.152 정보 [main] org.apache.catalina.startup.VersionLoggerListener.log 명령 행 아규먼트:  -Dcatalina.base=E:\tomcat9_2
28-Jan-2022 17:14:28.153 정보 [main] org.apache.catalina.startup.VersionLoggerListener.log 명령 행 아규먼트:  -Dignore.endorsed.dirs=E:\tomcat9_2\endorsed
28-Jan-2022 17:14:28.153 정보 [main] org.apache.catalina.startup.VersionLoggerListener.log 명령 행 아규먼트:  -Djava.io.tmpdir=E:\tomcat9_2\temp
28-Jan-2022 17:14:28.153 정보 [main] org.apache.catalina.startup.VersionLoggerListener.log 명령 행 아규먼트:  -Djava.util.logging.manager=org.apache.juli.ClassLoaderLogManager
28-Jan-2022 17:14:28.153 정보 [main] org.apache.catalina.startup.VersionLoggerListener.log 명령 행 아규먼트:  -Djava.util.logging.config.file=E:\tomcat9_2\conf\logging.properties
28-Jan-2022 17:14:28.153 정보 [main] org.apache.catalina.startup.VersionLoggerListener.log 명령 행 아규먼트:  exit
28-Jan-2022 17:14:28.154 정보 [main] org.apache.catalina.startup.VersionLoggerListener.log 명령 행 아규먼트:  abort
28-Jan-2022 17:14:28.154 정보 [main] org.apache.catalina.startup.VersionLoggerListener.log 명령 행 아규먼트:  -Xms128m
28-Jan-2022 17:14:28.154 정보 [main] org.apache.catalina.startup.VersionLoggerListener.log 명령 행 아규먼트:  -Xmx256m
28-Jan-2022 17:14:28.158 정보 [main] org.apache.catalina.core.AprLifecycleListener.lifecycleEvent APR 버전 [1.7.0]을(를) 사용한, APR 기반 Apache Tomcat Native 라이브러리 [1.2.30]을(를) 로드했습니다.
28-Jan-2022 17:14:28.158 정보 [main] org.apache.catalina.core.AprLifecycleListener.lifecycleEvent APR 용량정보들: IPv6 [true], sendfile [true], accept filters [false], random [true], UDS [true].
28-Jan-2022 17:14:28.158 정보 [main] org.apache.catalina.core.AprLifecycleListener.lifecycleEvent APR/OpenSSL 설정: useAprConnector [false], useOpenSSL [true]
28-Jan-2022 17:14:28.167 정보 [main] org.apache.catalina.core.AprLifecycleListener.initializeSSL OpenSSL이 성공적으로 초기화되었습니다: [OpenSSL 1.1.1k  25 Mar 2021]
28-Jan-2022 17:14:28.541 정보 [main] org.apache.coyote.AbstractProtocol.init 프로토콜 핸들러 ["http-nio-8090"]을(를) 초기화합니다.
28-Jan-2022 17:14:28.570 정보 [main] org.apache.coyote.AbstractProtocol.init 프로토콜 핸들러 ["ajp-nio-127.0.0.1-8099"]을(를) 초기화합니다.
28-Jan-2022 17:14:28.572 정보 [main] org.apache.catalina.startup.Catalina.load [898] 밀리초 내에 서버가 초기화되었습니다.
28-Jan-2022 17:14:28.604 정보 [main] org.apache.catalina.core.StandardService.startInternal 서비스 [Catalina]을(를) 시작합니다.
28-Jan-2022 17:14:28.605 정보 [main] org.apache.catalina.core.StandardEngine.startInternal 서버 엔진을 시작합니다: [Apache Tomcat/9.0.48]
28-Jan-2022 17:14:28.609 정보 [main] org.apache.catalina.ha.tcp.SimpleTcpCluster.startInternal 클러스터가 막 시작하려 합니다.
28-Jan-2022 17:14:29.585 정보 [main] org.apache.catalina.tribes.transport.ReceiverBase.bind Receiver 서버 소켓이 [/10.0.0.140:4001]에 바인딩 되었습니다.
28-Jan-2022 17:14:29.593 정보 [main] org.apache.catalina.tribes.membership.McastServiceImpl.setupSocket 클러스터 멀티캐스트의 soTimeout을 [500](으)로 설정합니다.
28-Jan-2022 17:14:29.595 정보 [main] org.apache.catalina.tribes.membership.McastServiceImpl.waitForMembers 클러스터 멤버십을 확립하기 위해, [1000] 밀리초 동안 잠에 듭니다. 시작 레벨: [4]
28-Jan-2022 17:14:30.014 정보 [Membership-MemberAdded] org.apache.catalina.ha.tcp.SimpleTcpCluster.memberAdded 복제 멤버가 추가됨: [org.apache.catalina.tribes.membership.MemberImpl[tcp://{10, 0, 0, 140}:4000,{10, 0, 0, 140},4000, alive=11134, securePort=-1, UDP Port=-1, id={-88 87 106 117 -44 -56 72 104 -112 36 51 39 100 1 93 70 }, payload={}, command={}, domain={}]]
28-Jan-2022 17:14:30.604 정보 [main] org.apache.catalina.tribes.membership.McastServiceImpl.waitForMembers 잠들기가 끝났습니다. 멤버십이 확립되었고, 시작 레벨은 [4]입니다.
28-Jan-2022 17:14:30.606 정보 [main] org.apache.catalina.tribes.membership.McastServiceImpl.waitForMembers 클러스터 멤버십을 확립하기 위해, [1000] 밀리초 동안 잠에 듭니다. 시작 레벨: [8]
28-Jan-2022 17:14:30.613 정보 [Tribes-Task-Receiver[Catalina-Channel]-1] org.apache.catalina.tribes.io.BufferPool.getBufferPool 타입이 [org.apache.catalina.tribes.io.BufferPool15Impl](이)고 최대 크기가 [104857600] 바이트를 사용하여 버퍼 풀을 생성했습니다.
28-Jan-2022 17:14:31.611 정보 [main] org.apache.catalina.tribes.membership.McastServiceImpl.waitForMembers 잠들기가 끝났습니다. 멤버십이 확립되었고, 시작 레벨은 [8]입니다.
28-Jan-2022 17:14:31.876 정보 [main] org.apache.catalina.startup.HostConfig.deployWAR 웹 애플리케이션 아카이브 [E:\tomcat9_2\webapps\was-test-0.0.1-SNAPSHOT.war]을(를) 배치합니다.
28-Jan-2022 17:14:34.903 정보 [main] org.apache.jasper.servlet.TldScanner.scanJars 적어도 하나의 JAR가 TLD들을 찾기 위해 스캔되었으나 아무 것도 찾지 못했습니다. 스캔했으나 TLD가 없는 JAR들의 전체 목록을 보시려면, 로그 레벨을 디버그 레벨로 설정하십시오. 스캔 과정에서 불필요한 JAR들을 건너뛰면, 시스템 시작 시간과 JSP 컴파일 시간을 단축시킬 수 있습니다.
28-Jan-2022 17:14:39.161 정보 [main] org.apache.catalina.startup.HostConfig.deployWAR 웹 애플리케이션 아카이브 [E:\tomcat9_2\webapps\was-test-0.0.1-SNAPSHOT.war]의 배치가 [7,284] 밀리초에 완료되었습니다.
28-Jan-2022 17:14:39.161 정보 [main] org.apache.catalina.startup.HostConfig.deployDirectory 웹 애플리케이션 디렉토리 [E:\tomcat9_2\webapps\docs]을(를) 배치합니다.
28-Jan-2022 17:14:39.179 정보 [main] org.apache.catalina.startup.HostConfig.deployDirectory 웹 애플리케이션 디렉토리 [E:\tomcat9_2\webapps\docs]에 대한 배치가 [18] 밀리초에 완료되었습니다.
28-Jan-2022 17:14:39.179 정보 [main] org.apache.catalina.startup.HostConfig.deployDirectory 웹 애플리케이션 디렉토리 [E:\tomcat9_2\webapps\examples]을(를) 배치합니다.
28-Jan-2022 17:14:39.488 정보 [main] org.apache.catalina.startup.HostConfig.deployDirectory 웹 애플리케이션 디렉토리 [E:\tomcat9_2\webapps\examples]에 대한 배치가 [309] 밀리초에 완료되었습니다.
28-Jan-2022 17:14:39.489 정보 [main] org.apache.catalina.startup.HostConfig.deployDirectory 웹 애플리케이션 디렉토리 [E:\tomcat9_2\webapps\host-manager]을(를) 배치합니다.
28-Jan-2022 17:14:39.522 정보 [main] org.apache.catalina.startup.HostConfig.deployDirectory 웹 애플리케이션 디렉토리 [E:\tomcat9_2\webapps\host-manager]에 대한 배치가 [33] 밀리초에 완료되었습니다.
28-Jan-2022 17:14:39.523 정보 [main] org.apache.catalina.startup.HostConfig.deployDirectory 웹 애플리케이션 디렉토리 [E:\tomcat9_2\webapps\manager]을(를) 배치합니다.
28-Jan-2022 17:14:39.549 정보 [main] org.apache.catalina.startup.HostConfig.deployDirectory 웹 애플리케이션 디렉토리 [E:\tomcat9_2\webapps\manager]에 대한 배치가 [27] 밀리초에 완료되었습니다.
28-Jan-2022 17:14:39.555 정보 [main] org.apache.catalina.ha.session.JvmRouteBinderValve.startInternal JvmRouteBinderValve가 시작됐습니다.
28-Jan-2022 17:14:39.558 정보 [main] org.apache.coyote.AbstractProtocol.start 프로토콜 핸들러 ["http-nio-8090"]을(를) 시작합니다.
28-Jan-2022 17:14:39.568 정보 [main] org.apache.coyote.AbstractProtocol.start 프로토콜 핸들러 ["ajp-nio-127.0.0.1-8099"]을(를) 시작합니다.
28-Jan-2022 17:14:39.571 정보 [main] org.apache.catalina.startup.Catalina.start 서버가 [10998] 밀리초 내에 시작되었습니다.
28-Jan-2022 17:15:38.969 정보 [Thread-7] org.apache.coyote.AbstractProtocol.pause 프로토콜 핸들러 ["http-nio-8090"]을(를) 일시 정지 중
28-Jan-2022 17:15:39.598 정보 [Thread-7] org.apache.coyote.AbstractProtocol.pause 프로토콜 핸들러 ["ajp-nio-127.0.0.1-8099"]을(를) 일시 정지 중
28-Jan-2022 17:15:39.604 정보 [Thread-7] org.apache.catalina.core.StandardService.stopInternal 서비스 [Catalina]을(를) 중지시킵니다.
28-Jan-2022 17:15:39.604 정보 [Thread-7] org.apache.catalina.ha.session.JvmRouteBinderValve.stopInternal JvmRouteBinderValve가 중지되었습니다.
28-Jan-2022 17:15:39.782 정보 [Thread-7] org.apache.coyote.AbstractProtocol.stop 프로토콜 핸들러 ["http-nio-8090"]을(를) 중지시킵니다.
28-Jan-2022 17:15:39.830 정보 [Thread-7] org.apache.coyote.AbstractProtocol.stop 프로토콜 핸들러 ["ajp-nio-127.0.0.1-8099"]을(를) 중지시킵니다.
28-Jan-2022 17:15:39.896 정보 [Thread-7] org.apache.coyote.AbstractProtocol.destroy 프로토콜 핸들러 ["http-nio-8090"]을(를) 소멸시킵니다.
28-Jan-2022 17:15:39.897 정보 [Thread-7] org.apache.coyote.AbstractProtocol.destroy 프로토콜 핸들러 ["ajp-nio-127.0.0.1-8099"]을(를) 소멸시킵니다.
28-Jan-2022 17:15:57.356 정보 [main] org.apache.catalina.startup.VersionLoggerListener.log 서버 버전 이름:    Apache Tomcat/9.0.48
28-Jan-2022 17:15:57.360 정보 [main] org.apache.catalina.startup.VersionLoggerListener.log Server 빌드 시각:  Jun 10 2021 09:22:01 UTC
28-Jan-2022 17:15:57.360 정보 [main] org.apache.catalina.startup.VersionLoggerListener.log Server 버전 번호:  9.0.48.0
28-Jan-2022 17:15:57.360 정보 [main] org.apache.catalina.startup.VersionLoggerListener.log 운영체제 이름:     Windows 10
28-Jan-2022 17:15:57.360 정보 [main] org.apache.catalina.startup.VersionLoggerListener.log 운영체제 버전:     10.0
28-Jan-2022 17:15:57.360 정보 [main] org.apache.catalina.startup.VersionLoggerListener.log 아키텍처:          amd64
28-Jan-2022 17:15:57.360 정보 [main] org.apache.catalina.startup.VersionLoggerListener.log 자바 홈:           C:\jdk1.8\jre
28-Jan-2022 17:15:57.360 정보 [main] org.apache.catalina.startup.VersionLoggerListener.log JVM 버전:          1.8.0_131-b11
28-Jan-2022 17:15:57.360 정보 [main] org.apache.catalina.startup.VersionLoggerListener.log JVM 벤더:          Oracle Corporation
28-Jan-2022 17:15:57.360 정보 [main] org.apache.catalina.startup.VersionLoggerListener.log CATALINA_BASE:     E:\tomcat9_2
28-Jan-2022 17:15:57.361 정보 [main] org.apache.catalina.startup.VersionLoggerListener.log CATALINA_HOME:     E:\tomcat9_2
28-Jan-2022 17:15:57.363 정보 [main] org.apache.catalina.startup.VersionLoggerListener.log 명령 행 아규먼트:  -Dcatalina.home=E:\tomcat9_2
28-Jan-2022 17:15:57.363 정보 [main] org.apache.catalina.startup.VersionLoggerListener.log 명령 행 아규먼트:  -Dcatalina.base=E:\tomcat9_2
28-Jan-2022 17:15:57.363 정보 [main] org.apache.catalina.startup.VersionLoggerListener.log 명령 행 아규먼트:  -Dignore.endorsed.dirs=E:\tomcat9_2\endorsed
28-Jan-2022 17:15:57.363 정보 [main] org.apache.catalina.startup.VersionLoggerListener.log 명령 행 아규먼트:  -Djava.io.tmpdir=E:\tomcat9_2\temp
28-Jan-2022 17:15:57.364 정보 [main] org.apache.catalina.startup.VersionLoggerListener.log 명령 행 아규먼트:  -Djava.util.logging.manager=org.apache.juli.ClassLoaderLogManager
28-Jan-2022 17:15:57.364 정보 [main] org.apache.catalina.startup.VersionLoggerListener.log 명령 행 아규먼트:  -Djava.util.logging.config.file=E:\tomcat9_2\conf\logging.properties
28-Jan-2022 17:15:57.364 정보 [main] org.apache.catalina.startup.VersionLoggerListener.log 명령 행 아규먼트:  exit
28-Jan-2022 17:15:57.364 정보 [main] org.apache.catalina.startup.VersionLoggerListener.log 명령 행 아규먼트:  abort
28-Jan-2022 17:15:57.364 정보 [main] org.apache.catalina.startup.VersionLoggerListener.log 명령 행 아규먼트:  -Xms128m
28-Jan-2022 17:15:57.365 정보 [main] org.apache.catalina.startup.VersionLoggerListener.log 명령 행 아규먼트:  -Xmx256m
28-Jan-2022 17:15:57.369 정보 [main] org.apache.catalina.core.AprLifecycleListener.lifecycleEvent APR 버전 [1.7.0]을(를) 사용한, APR 기반 Apache Tomcat Native 라이브러리 [1.2.30]을(를) 로드했습니다.
28-Jan-2022 17:15:57.370 정보 [main] org.apache.catalina.core.AprLifecycleListener.lifecycleEvent APR 용량정보들: IPv6 [true], sendfile [true], accept filters [false], random [true], UDS [true].
28-Jan-2022 17:15:57.370 정보 [main] org.apache.catalina.core.AprLifecycleListener.lifecycleEvent APR/OpenSSL 설정: useAprConnector [false], useOpenSSL [true]
28-Jan-2022 17:15:57.381 정보 [main] org.apache.catalina.core.AprLifecycleListener.initializeSSL OpenSSL이 성공적으로 초기화되었습니다: [OpenSSL 1.1.1k  25 Mar 2021]
28-Jan-2022 17:15:57.820 정보 [main] org.apache.coyote.AbstractProtocol.init 프로토콜 핸들러 ["http-nio-8090"]을(를) 초기화합니다.
28-Jan-2022 17:15:57.859 정보 [main] org.apache.coyote.AbstractProtocol.init 프로토콜 핸들러 ["ajp-nio-127.0.0.1-8099"]을(를) 초기화합니다.
28-Jan-2022 17:15:57.860 정보 [main] org.apache.catalina.startup.Catalina.load [796] 밀리초 내에 서버가 초기화되었습니다.
28-Jan-2022 17:15:57.915 정보 [main] org.apache.catalina.core.StandardService.startInternal 서비스 [Catalina]을(를) 시작합니다.
28-Jan-2022 17:15:57.915 정보 [main] org.apache.catalina.core.StandardEngine.startInternal 서버 엔진을 시작합니다: [Apache Tomcat/9.0.48]
28-Jan-2022 17:15:57.924 정보 [main] org.apache.catalina.ha.tcp.SimpleTcpCluster.startInternal 클러스터가 막 시작하려 합니다.
28-Jan-2022 17:15:59.244 정보 [main] org.apache.catalina.tribes.transport.ReceiverBase.bind Receiver 서버 소켓이 [/10.0.0.140:4001]에 바인딩 되었습니다.
28-Jan-2022 17:15:59.253 정보 [main] org.apache.catalina.tribes.membership.McastServiceImpl.setupSocket 클러스터 멀티캐스트의 soTimeout을 [500](으)로 설정합니다.
28-Jan-2022 17:15:59.257 정보 [main] org.apache.catalina.tribes.membership.McastServiceImpl.waitForMembers 클러스터 멤버십을 확립하기 위해, [1000] 밀리초 동안 잠에 듭니다. 시작 레벨: [4]
28-Jan-2022 17:15:59.399 정보 [Membership-MemberAdded] org.apache.catalina.ha.tcp.SimpleTcpCluster.memberAdded 복제 멤버가 추가됨: [org.apache.catalina.tribes.membership.MemberImpl[tcp://{10, 0, 0, 140}:4000,{10, 0, 0, 140},4000, alive=4058, securePort=-1, UDP Port=-1, id={-12 51 -76 -91 43 49 69 -24 -75 -128 25 -124 121 63 75 -17 }, payload={}, command={}, domain={}]]
28-Jan-2022 17:16:00.259 정보 [main] org.apache.catalina.tribes.membership.McastServiceImpl.waitForMembers 잠들기가 끝났습니다. 멤버십이 확립되었고, 시작 레벨은 [4]입니다.
28-Jan-2022 17:16:00.261 정보 [main] org.apache.catalina.tribes.membership.McastServiceImpl.waitForMembers 클러스터 멤버십을 확립하기 위해, [1000] 밀리초 동안 잠에 듭니다. 시작 레벨: [8]
28-Jan-2022 17:16:00.295 정보 [Tribes-Task-Receiver[Catalina-Channel]-1] org.apache.catalina.tribes.io.BufferPool.getBufferPool 타입이 [org.apache.catalina.tribes.io.BufferPool15Impl](이)고 최대 크기가 [104857600] 바이트를 사용하여 버퍼 풀을 생성했습니다.
28-Jan-2022 17:16:01.264 정보 [main] org.apache.catalina.tribes.membership.McastServiceImpl.waitForMembers 잠들기가 끝났습니다. 멤버십이 확립되었고, 시작 레벨은 [8]입니다.
28-Jan-2022 17:16:05.327 정보 [main] org.apache.jasper.servlet.TldScanner.scanJars 적어도 하나의 JAR가 TLD들을 찾기 위해 스캔되었으나 아무 것도 찾지 못했습니다. 스캔했으나 TLD가 없는 JAR들의 전체 목록을 보시려면, 로그 레벨을 디버그 레벨로 설정하십시오. 스캔 과정에서 불필요한 JAR들을 건너뛰면, 시스템 시작 시간과 JSP 컴파일 시간을 단축시킬 수 있습니다.
28-Jan-2022 17:16:10.809 정보 [main] org.apache.catalina.startup.HostConfig.deployWAR 웹 애플리케이션 아카이브 [E:\tomcat9_2\webapps\was-test-0.0.1-SNAPSHOT.war]을(를) 배치합니다.
28-Jan-2022 17:16:13.689 정보 [main] org.apache.jasper.servlet.TldScanner.scanJars 적어도 하나의 JAR가 TLD들을 찾기 위해 스캔되었으나 아무 것도 찾지 못했습니다. 스캔했으나 TLD가 없는 JAR들의 전체 목록을 보시려면, 로그 레벨을 디버그 레벨로 설정하십시오. 스캔 과정에서 불필요한 JAR들을 건너뛰면, 시스템 시작 시간과 JSP 컴파일 시간을 단축시킬 수 있습니다.
28-Jan-2022 17:16:17.938 정보 [main] org.apache.catalina.startup.HostConfig.deployWAR 웹 애플리케이션 아카이브 [E:\tomcat9_2\webapps\was-test-0.0.1-SNAPSHOT.war]의 배치가 [7,128] 밀리초에 완료되었습니다.
28-Jan-2022 17:16:17.938 정보 [main] org.apache.catalina.startup.HostConfig.deployDirectory 웹 애플리케이션 디렉토리 [E:\tomcat9_2\webapps\docs]을(를) 배치합니다.
28-Jan-2022 17:16:17.963 정보 [main] org.apache.catalina.startup.HostConfig.deployDirectory 웹 애플리케이션 디렉토리 [E:\tomcat9_2\webapps\docs]에 대한 배치가 [25] 밀리초에 완료되었습니다.
28-Jan-2022 17:16:17.964 정보 [main] org.apache.catalina.startup.HostConfig.deployDirectory 웹 애플리케이션 디렉토리 [E:\tomcat9_2\webapps\examples]을(를) 배치합니다.
28-Jan-2022 17:16:18.222 정보 [main] org.apache.catalina.startup.HostConfig.deployDirectory 웹 애플리케이션 디렉토리 [E:\tomcat9_2\webapps\examples]에 대한 배치가 [258] 밀리초에 완료되었습니다.
28-Jan-2022 17:16:18.222 정보 [main] org.apache.catalina.startup.HostConfig.deployDirectory 웹 애플리케이션 디렉토리 [E:\tomcat9_2\webapps\host-manager]을(를) 배치합니다.
28-Jan-2022 17:16:18.245 정보 [main] org.apache.catalina.startup.HostConfig.deployDirectory 웹 애플리케이션 디렉토리 [E:\tomcat9_2\webapps\host-manager]에 대한 배치가 [23] 밀리초에 완료되었습니다.
28-Jan-2022 17:16:18.245 정보 [main] org.apache.catalina.startup.HostConfig.deployDirectory 웹 애플리케이션 디렉토리 [E:\tomcat9_2\webapps\manager]을(를) 배치합니다.
28-Jan-2022 17:16:18.272 정보 [main] org.apache.catalina.startup.HostConfig.deployDirectory 웹 애플리케이션 디렉토리 [E:\tomcat9_2\webapps\manager]에 대한 배치가 [27] 밀리초에 완료되었습니다.
28-Jan-2022 17:16:18.272 정보 [main] org.apache.catalina.startup.HostConfig.deployDirectory 웹 애플리케이션 디렉토리 [E:\tomcat9_2\webapps\ROOT]을(를) 배치합니다.
28-Jan-2022 17:16:18.292 정보 [main] org.apache.catalina.startup.HostConfig.deployDirectory 웹 애플리케이션 디렉토리 [E:\tomcat9_2\webapps\ROOT]에 대한 배치가 [20] 밀리초에 완료되었습니다.
28-Jan-2022 17:16:18.300 정보 [main] org.apache.catalina.ha.session.JvmRouteBinderValve.startInternal JvmRouteBinderValve가 시작됐습니다.
28-Jan-2022 17:16:18.302 정보 [main] org.apache.coyote.AbstractProtocol.start 프로토콜 핸들러 ["http-nio-8090"]을(를) 시작합니다.
28-Jan-2022 17:16:18.313 정보 [main] org.apache.coyote.AbstractProtocol.start 프로토콜 핸들러 ["ajp-nio-127.0.0.1-8099"]을(를) 시작합니다.
28-Jan-2022 17:16:18.315 정보 [main] org.apache.catalina.startup.Catalina.start 서버가 [20454] 밀리초 내에 시작되었습니다.
28-Jan-2022 17:21:23.092 정보 [Membership-MemberDisappeared] org.apache.catalina.ha.tcp.SimpleTcpCluster.memberDisappeared 멤버 사라짐 메시지를 수신했습니다: [org.apache.catalina.tribes.membership.MemberImpl[tcp://{10, 0, 0, 140}:4000,{10, 0, 0, 140},4000, alive=327762, securePort=-1, UDP Port=-1, id={-12 51 -76 -91 43 49 69 -24 -75 -128 25 -124 121 63 75 -17 }, payload={}, command={66 65 66 89 45 65 76 69 88 ...(9)}, domain={}]]
28-Jan-2022 17:21:26.546 정보 [Thread-8] org.apache.coyote.AbstractProtocol.pause 프로토콜 핸들러 ["http-nio-8090"]을(를) 일시 정지 중
28-Jan-2022 17:21:27.122 정보 [Thread-8] org.apache.coyote.AbstractProtocol.pause 프로토콜 핸들러 ["ajp-nio-127.0.0.1-8099"]을(를) 일시 정지 중
28-Jan-2022 17:21:27.129 정보 [Thread-8] org.apache.catalina.core.StandardService.stopInternal 서비스 [Catalina]을(를) 중지시킵니다.
28-Jan-2022 17:21:27.129 정보 [Thread-8] org.apache.catalina.ha.session.JvmRouteBinderValve.stopInternal JvmRouteBinderValve가 중지되었습니다.
28-Jan-2022 17:21:27.315 정보 [Thread-8] org.apache.coyote.AbstractProtocol.stop 프로토콜 핸들러 ["http-nio-8090"]을(를) 중지시킵니다.
28-Jan-2022 17:21:27.361 정보 [Thread-8] org.apache.coyote.AbstractProtocol.stop 프로토콜 핸들러 ["ajp-nio-127.0.0.1-8099"]을(를) 중지시킵니다.
28-Jan-2022 17:21:27.428 정보 [Thread-8] org.apache.coyote.AbstractProtocol.destroy 프로토콜 핸들러 ["http-nio-8090"]을(를) 소멸시킵니다.
28-Jan-2022 17:21:27.428 정보 [Thread-8] org.apache.coyote.AbstractProtocol.destroy 프로토콜 핸들러 ["ajp-nio-127.0.0.1-8099"]을(를) 소멸시킵니다.
28-Jan-2022 17:21:33.888 경고 [main] org.apache.catalina.core.StandardContext.setPath 컨텍스트 경로는 반드시 빈 문자열이거나, 또는 '/'로 시작하고 '/'로 끝나지 않는 문자열이어야 합니다. 해당 경로 [/]은(는) 이 조건을 충족시키지 않아 [](으)로 변경되었습니다.
28-Jan-2022 17:21:33.899 정보 [main] org.apache.catalina.startup.VersionLoggerListener.log 서버 버전 이름:    Apache Tomcat/9.0.48
28-Jan-2022 17:21:33.900 정보 [main] org.apache.catalina.startup.VersionLoggerListener.log Server 빌드 시각:  Jun 10 2021 09:22:01 UTC
28-Jan-2022 17:21:33.900 정보 [main] org.apache.catalina.startup.VersionLoggerListener.log Server 버전 번호:  9.0.48.0
28-Jan-2022 17:21:33.900 정보 [main] org.apache.catalina.startup.VersionLoggerListener.log 운영체제 이름:     Windows 10
28-Jan-2022 17:21:33.900 정보 [main] org.apache.catalina.startup.VersionLoggerListener.log 운영체제 버전:     10.0
28-Jan-2022 17:21:33.900 정보 [main] org.apache.catalina.startup.VersionLoggerListener.log 아키텍처:          amd64
28-Jan-2022 17:21:33.900 정보 [main] org.apache.catalina.startup.VersionLoggerListener.log 자바 홈:           C:\jdk1.8\jre
28-Jan-2022 17:21:33.900 정보 [main] org.apache.catalina.startup.VersionLoggerListener.log JVM 버전:          1.8.0_131-b11
28-Jan-2022 17:21:33.901 정보 [main] org.apache.catalina.startup.VersionLoggerListener.log JVM 벤더:          Oracle Corporation
28-Jan-2022 17:21:33.901 정보 [main] org.apache.catalina.startup.VersionLoggerListener.log CATALINA_BASE:     E:\tomcat9_2
28-Jan-2022 17:21:33.901 정보 [main] org.apache.catalina.startup.VersionLoggerListener.log CATALINA_HOME:     E:\tomcat9_2
28-Jan-2022 17:21:33.901 정보 [main] org.apache.catalina.startup.VersionLoggerListener.log 명령 행 아규먼트:  -Dcatalina.home=E:\tomcat9_2
28-Jan-2022 17:21:33.901 정보 [main] org.apache.catalina.startup.VersionLoggerListener.log 명령 행 아규먼트:  -Dcatalina.base=E:\tomcat9_2
28-Jan-2022 17:21:33.902 정보 [main] org.apache.catalina.startup.VersionLoggerListener.log 명령 행 아규먼트:  -Dignore.endorsed.dirs=E:\tomcat9_2\endorsed
28-Jan-2022 17:21:33.904 정보 [main] org.apache.catalina.startup.VersionLoggerListener.log 명령 행 아규먼트:  -Djava.io.tmpdir=E:\tomcat9_2\temp
28-Jan-2022 17:21:33.904 정보 [main] org.apache.catalina.startup.VersionLoggerListener.log 명령 행 아규먼트:  -Djava.util.logging.manager=org.apache.juli.ClassLoaderLogManager
28-Jan-2022 17:21:33.905 정보 [main] org.apache.catalina.startup.VersionLoggerListener.log 명령 행 아규먼트:  -Djava.util.logging.config.file=E:\tomcat9_2\conf\logging.properties
28-Jan-2022 17:21:33.905 정보 [main] org.apache.catalina.startup.VersionLoggerListener.log 명령 행 아규먼트:  exit
28-Jan-2022 17:21:33.905 정보 [main] org.apache.catalina.startup.VersionLoggerListener.log 명령 행 아규먼트:  abort
28-Jan-2022 17:21:33.905 정보 [main] org.apache.catalina.startup.VersionLoggerListener.log 명령 행 아규먼트:  -Xms128m
28-Jan-2022 17:21:33.905 정보 [main] org.apache.catalina.startup.VersionLoggerListener.log 명령 행 아규먼트:  -Xmx256m
28-Jan-2022 17:21:33.908 정보 [main] org.apache.catalina.core.AprLifecycleListener.lifecycleEvent APR 버전 [1.7.0]을(를) 사용한, APR 기반 Apache Tomcat Native 라이브러리 [1.2.30]을(를) 로드했습니다.
28-Jan-2022 17:21:33.908 정보 [main] org.apache.catalina.core.AprLifecycleListener.lifecycleEvent APR 용량정보들: IPv6 [true], sendfile [true], accept filters [false], random [true], UDS [true].
28-Jan-2022 17:21:33.908 정보 [main] org.apache.catalina.core.AprLifecycleListener.lifecycleEvent APR/OpenSSL 설정: useAprConnector [false], useOpenSSL [true]
28-Jan-2022 17:21:33.916 정보 [main] org.apache.catalina.core.AprLifecycleListener.initializeSSL OpenSSL이 성공적으로 초기화되었습니다: [OpenSSL 1.1.1k  25 Mar 2021]
28-Jan-2022 17:21:34.315 정보 [main] org.apache.coyote.AbstractProtocol.init 프로토콜 핸들러 ["http-nio-8090"]을(를) 초기화합니다.
28-Jan-2022 17:21:34.348 정보 [main] org.apache.coyote.AbstractProtocol.init 프로토콜 핸들러 ["ajp-nio-127.0.0.1-8099"]을(를) 초기화합니다.
28-Jan-2022 17:21:34.349 정보 [main] org.apache.catalina.startup.Catalina.load [736] 밀리초 내에 서버가 초기화되었습니다.
28-Jan-2022 17:21:34.400 정보 [main] org.apache.catalina.core.StandardService.startInternal 서비스 [Catalina]을(를) 시작합니다.
28-Jan-2022 17:21:34.400 정보 [main] org.apache.catalina.core.StandardEngine.startInternal 서버 엔진을 시작합니다: [Apache Tomcat/9.0.48]
28-Jan-2022 17:21:34.409 정보 [main] org.apache.catalina.ha.tcp.SimpleTcpCluster.startInternal 클러스터가 막 시작하려 합니다.
28-Jan-2022 17:21:35.546 정보 [main] org.apache.catalina.tribes.transport.ReceiverBase.bind Receiver 서버 소켓이 [/10.0.0.140:4001]에 바인딩 되었습니다.
28-Jan-2022 17:21:35.559 정보 [main] org.apache.catalina.tribes.membership.McastServiceImpl.setupSocket 클러스터 멀티캐스트의 soTimeout을 [500](으)로 설정합니다.
28-Jan-2022 17:21:35.567 정보 [main] org.apache.catalina.tribes.membership.McastServiceImpl.waitForMembers 클러스터 멤버십을 확립하기 위해, [1000] 밀리초 동안 잠에 듭니다. 시작 레벨: [4]
28-Jan-2022 17:21:35.606 정보 [Membership-MemberAdded] org.apache.catalina.ha.tcp.SimpleTcpCluster.memberAdded 복제 멤버가 추가됨: [org.apache.catalina.tribes.membership.MemberImpl[tcp://{10, 0, 0, 140}:4000,{10, 0, 0, 140},4000, alive=3552, securePort=-1, UDP Port=-1, id={-77 -15 -9 -94 -63 100 69 -115 -68 74 -16 -43 -7 -46 6 117 }, payload={}, command={}, domain={}]]
28-Jan-2022 17:21:36.568 정보 [main] org.apache.catalina.tribes.membership.McastServiceImpl.waitForMembers 잠들기가 끝났습니다. 멤버십이 확립되었고, 시작 레벨은 [4]입니다.
28-Jan-2022 17:21:36.571 정보 [main] org.apache.catalina.tribes.membership.McastServiceImpl.waitForMembers 클러스터 멤버십을 확립하기 위해, [1000] 밀리초 동안 잠에 듭니다. 시작 레벨: [8]
28-Jan-2022 17:21:36.582 정보 [Tribes-Task-Receiver[Catalina-Channel]-1] org.apache.catalina.tribes.io.BufferPool.getBufferPool 타입이 [org.apache.catalina.tribes.io.BufferPool15Impl](이)고 최대 크기가 [104857600] 바이트를 사용하여 버퍼 풀을 생성했습니다.
28-Jan-2022 17:21:37.581 정보 [main] org.apache.catalina.tribes.membership.McastServiceImpl.waitForMembers 잠들기가 끝났습니다. 멤버십이 확립되었고, 시작 레벨은 [8]입니다.
28-Jan-2022 17:21:41.454 정보 [main] org.apache.jasper.servlet.TldScanner.scanJars 적어도 하나의 JAR가 TLD들을 찾기 위해 스캔되었으나 아무 것도 찾지 못했습니다. 스캔했으나 TLD가 없는 JAR들의 전체 목록을 보시려면, 로그 레벨을 디버그 레벨로 설정하십시오. 스캔 과정에서 불필요한 JAR들을 건너뛰면, 시스템 시작 시간과 JSP 컴파일 시간을 단축시킬 수 있습니다.
28-Jan-2022 17:21:46.255 정보 [main] org.apache.catalina.startup.HostConfig.deployWAR 웹 애플리케이션 아카이브 [E:\tomcat9_2\webapps\was-test-0.0.1-SNAPSHOT.war]을(를) 배치합니다.
28-Jan-2022 17:21:49.030 정보 [main] org.apache.jasper.servlet.TldScanner.scanJars 적어도 하나의 JAR가 TLD들을 찾기 위해 스캔되었으나 아무 것도 찾지 못했습니다. 스캔했으나 TLD가 없는 JAR들의 전체 목록을 보시려면, 로그 레벨을 디버그 레벨로 설정하십시오. 스캔 과정에서 불필요한 JAR들을 건너뛰면, 시스템 시작 시간과 JSP 컴파일 시간을 단축시킬 수 있습니다.
28-Jan-2022 17:21:52.766 정보 [main] org.apache.catalina.startup.HostConfig.deployWAR 웹 애플리케이션 아카이브 [E:\tomcat9_2\webapps\was-test-0.0.1-SNAPSHOT.war]의 배치가 [6,510] 밀리초에 완료되었습니다.
28-Jan-2022 17:21:52.767 정보 [main] org.apache.catalina.startup.HostConfig.deployDirectory 웹 애플리케이션 디렉토리 [E:\tomcat9_2\webapps\docs]을(를) 배치합니다.
28-Jan-2022 17:21:52.794 정보 [main] org.apache.catalina.startup.HostConfig.deployDirectory 웹 애플리케이션 디렉토리 [E:\tomcat9_2\webapps\docs]에 대한 배치가 [27] 밀리초에 완료되었습니다.
28-Jan-2022 17:21:52.795 정보 [main] org.apache.catalina.startup.HostConfig.deployDirectory 웹 애플리케이션 디렉토리 [E:\tomcat9_2\webapps\examples]을(를) 배치합니다.
28-Jan-2022 17:21:53.140 정보 [main] org.apache.catalina.startup.HostConfig.deployDirectory 웹 애플리케이션 디렉토리 [E:\tomcat9_2\webapps\examples]에 대한 배치가 [345] 밀리초에 완료되었습니다.
28-Jan-2022 17:21:53.140 정보 [main] org.apache.catalina.startup.HostConfig.deployDirectory 웹 애플리케이션 디렉토리 [E:\tomcat9_2\webapps\host-manager]을(를) 배치합니다.
28-Jan-2022 17:21:53.173 정보 [main] org.apache.catalina.startup.HostConfig.deployDirectory 웹 애플리케이션 디렉토리 [E:\tomcat9_2\webapps\host-manager]에 대한 배치가 [32] 밀리초에 완료되었습니다.
28-Jan-2022 17:21:53.173 정보 [main] org.apache.catalina.startup.HostConfig.deployDirectory 웹 애플리케이션 디렉토리 [E:\tomcat9_2\webapps\manager]을(를) 배치합니다.
28-Jan-2022 17:21:53.205 정보 [main] org.apache.catalina.startup.HostConfig.deployDirectory 웹 애플리케이션 디렉토리 [E:\tomcat9_2\webapps\manager]에 대한 배치가 [32] 밀리초에 완료되었습니다.
28-Jan-2022 17:21:53.205 정보 [main] org.apache.catalina.startup.HostConfig.deployDirectory 웹 애플리케이션 디렉토리 [E:\tomcat9_2\webapps\was]을(를) 배치합니다.
28-Jan-2022 17:21:55.652 정보 [main] org.apache.jasper.servlet.TldScanner.scanJars 적어도 하나의 JAR가 TLD들을 찾기 위해 스캔되었으나 아무 것도 찾지 못했습니다. 스캔했으나 TLD가 없는 JAR들의 전체 목록을 보시려면, 로그 레벨을 디버그 레벨로 설정하십시오. 스캔 과정에서 불필요한 JAR들을 건너뛰면, 시스템 시작 시간과 JSP 컴파일 시간을 단축시킬 수 있습니다.
28-Jan-2022 17:21:59.337 정보 [main] org.apache.catalina.startup.HostConfig.deployDirectory 웹 애플리케이션 디렉토리 [E:\tomcat9_2\webapps\was]에 대한 배치가 [6,132] 밀리초에 완료되었습니다.
28-Jan-2022 17:21:59.345 정보 [main] org.apache.catalina.ha.session.JvmRouteBinderValve.startInternal JvmRouteBinderValve가 시작됐습니다.
28-Jan-2022 17:21:59.348 정보 [main] org.apache.coyote.AbstractProtocol.start 프로토콜 핸들러 ["http-nio-8090"]을(를) 시작합니다.
28-Jan-2022 17:21:59.359 정보 [main] org.apache.coyote.AbstractProtocol.start 프로토콜 핸들러 ["ajp-nio-127.0.0.1-8099"]을(를) 시작합니다.
28-Jan-2022 17:21:59.362 정보 [main] org.apache.catalina.startup.Catalina.start 서버가 [25012] 밀리초 내에 시작되었습니다.
28-Jan-2022 17:38:17.868 정보 [Thread-9] org.apache.coyote.AbstractProtocol.pause 프로토콜 핸들러 ["http-nio-8090"]을(를) 일시 정지 중
28-Jan-2022 17:38:18.465 정보 [Thread-9] org.apache.coyote.AbstractProtocol.pause 프로토콜 핸들러 ["ajp-nio-127.0.0.1-8099"]을(를) 일시 정지 중
28-Jan-2022 17:38:18.478 정보 [Thread-9] org.apache.catalina.core.StandardService.stopInternal 서비스 [Catalina]을(를) 중지시킵니다.
28-Jan-2022 17:38:18.479 정보 [Thread-9] org.apache.catalina.ha.session.JvmRouteBinderValve.stopInternal JvmRouteBinderValve가 중지되었습니다.
28-Jan-2022 17:38:18.715 정보 [Thread-9] org.apache.coyote.AbstractProtocol.stop 프로토콜 핸들러 ["http-nio-8090"]을(를) 중지시킵니다.
28-Jan-2022 17:38:18.767 정보 [Thread-9] org.apache.coyote.AbstractProtocol.stop 프로토콜 핸들러 ["ajp-nio-127.0.0.1-8099"]을(를) 중지시킵니다.
28-Jan-2022 17:38:18.781 정보 [Thread-9] org.apache.coyote.AbstractProtocol.destroy 프로토콜 핸들러 ["http-nio-8090"]을(를) 소멸시킵니다.
28-Jan-2022 17:38:18.781 정보 [Thread-9] org.apache.coyote.AbstractProtocol.destroy 프로토콜 핸들러 ["ajp-nio-127.0.0.1-8099"]을(를) 소멸시킵니다.
