[2022-01-28 15:38:20] [info]  [99288] Apache Commons Daemon procrun (1.2.4.0 64-bit) started.
[2022-01-28 15:38:20] [info]  [99288] Installing service 'Tomcat9_2' name 'Apache Tomcat 9.0 Tomcat9_2'.
[2022-01-28 15:38:20] [info]  [99288] Service 'Tomcat9_2' installed.
[2022-01-28 15:38:20] [info]  [99288] Apache Commons Daemon procrun finished.
[2022-01-28 15:39:11] [info]  [98140] Apache Commons Daemon procrun (1.2.4.0 64-bit) started.
[2022-01-28 15:39:11] [info]  [98140] Running Service 'Tomcat9_2'...
[2022-01-28 15:39:11] [info]  [65760] Starting service...
[2022-01-28 15:39:13] [info]  [65760] Service started in 1271 milliseconds.
[2022-01-28 16:02:29] [info]  [95508] Stopping service...
[2022-01-28 16:02:30] [info]  [95508] Service stop thread completed.
[2022-01-28 16:02:30] [info]  [98140] Run service finished.
[2022-01-28 16:02:31] [info]  [98140] Apache Commons Daemon procrun finished.
[2022-01-28 16:02:32] [info]  [100204] Apache Commons Daemon procrun (1.2.4.0 64-bit) started.
[2022-01-28 16:02:32] [info]  [100204] Running Service 'Tomcat9_2'...
[2022-01-28 16:02:32] [info]  [78616] Starting service...
[2022-01-28 16:02:33] [info]  [78616] Service started in 1258 milliseconds.
[2022-01-28 16:08:35] [info]  [92272] Stopping service...
[2022-01-28 16:08:36] [info]  [92272] Service stop thread completed.
[2022-01-28 16:08:36] [info]  [100204] Run service finished.
[2022-01-28 16:08:36] [info]  [100204] Apache Commons Daemon procrun finished.
[2022-01-28 16:08:38] [info]  [98980] Apache Commons Daemon procrun (1.2.4.0 64-bit) started.
[2022-01-28 16:08:38] [info]  [98980] Running Service 'Tomcat9_2'...
[2022-01-28 16:08:38] [info]  [101264] Starting service...
[2022-01-28 16:08:39] [info]  [101264] Service started in 1255 milliseconds.
[2022-01-28 16:10:13] [info]  [83556] Stopping service...
[2022-01-28 16:10:14] [info]  [83556] Service stop thread completed.
[2022-01-28 16:10:14] [info]  [98980] Run service finished.
[2022-01-28 16:10:14] [info]  [98980] Apache Commons Daemon procrun finished.
[2022-01-28 16:10:17] [info]  [102112] Apache Commons Daemon procrun (1.2.4.0 64-bit) started.
[2022-01-28 16:10:17] [info]  [102112] Running Service 'Tomcat9_2'...
[2022-01-28 16:10:17] [info]  [99880] Starting service...
[2022-01-28 16:10:19] [info]  [99880] Service started in 1248 milliseconds.
[2022-01-28 17:06:18] [info]  [104364] Stopping service...
[2022-01-28 17:06:19] [info]  [104364] Service stop thread completed.
[2022-01-28 17:06:19] [info]  [102112] Run service finished.
[2022-01-28 17:06:19] [info]  [102112] Apache Commons Daemon procrun finished.
[2022-01-28 17:09:49] [info]  [83556] Apache Commons Daemon procrun (1.2.4.0 64-bit) started.
[2022-01-28 17:09:49] [info]  [83556] Running Service 'Tomcat9_2'...
[2022-01-28 17:09:49] [info]  [28644] Starting service...
[2022-01-28 17:09:51] [info]  [28644] Service started in 1292 milliseconds.
[2022-01-28 17:12:55] [info]  [97616] Stopping service...
[2022-01-28 17:12:56] [info]  [97616] Service stop thread completed.
[2022-01-28 17:12:56] [info]  [83556] Run service finished.
[2022-01-28 17:12:56] [info]  [83556] Apache Commons Daemon procrun finished.
[2022-01-28 17:14:27] [info]  [85760] Apache Commons Daemon procrun (1.2.4.0 64-bit) started.
[2022-01-28 17:14:27] [info]  [85760] Running Service 'Tomcat9_2'...
[2022-01-28 17:14:27] [info]  [91036] Starting service...
[2022-01-28 17:14:28] [info]  [91036] Service started in 1345 milliseconds.
[2022-01-28 17:15:38] [info]  [100596] Stopping service...
[2022-01-28 17:15:39] [info]  [100596] Service stop thread completed.
[2022-01-28 17:15:39] [info]  [85760] Run service finished.
[2022-01-28 17:15:39] [info]  [85760] Apache Commons Daemon procrun finished.
[2022-01-28 17:15:56] [info]  [87976] Apache Commons Daemon procrun (1.2.4.0 64-bit) started.
[2022-01-28 17:15:56] [info]  [87976] Running Service 'Tomcat9_2'...
[2022-01-28 17:15:56] [info]  [89076] Starting service...
[2022-01-28 17:15:58] [info]  [89076] Service started in 1257 milliseconds.
[2022-01-28 17:21:26] [info]  [96116] Stopping service...
[2022-01-28 17:21:27] [info]  [96116] Service stop thread completed.
[2022-01-28 17:21:27] [info]  [87976] Run service finished.
[2022-01-28 17:21:27] [info]  [87976] Apache Commons Daemon procrun finished.
[2022-01-28 17:21:33] [info]  [98532] Apache Commons Daemon procrun (1.2.4.0 64-bit) started.
[2022-01-28 17:21:33] [info]  [98532] Running Service 'Tomcat9_2'...
[2022-01-28 17:21:33] [info]  [87036] Starting service...
[2022-01-28 17:21:34] [info]  [87036] Service started in 1247 milliseconds.
[2022-01-28 17:38:17] [info]  [104896] Stopping service...
[2022-01-28 17:38:18] [info]  [104896] Service stop thread completed.
[2022-01-28 17:38:18] [info]  [98532] Run service finished.
[2022-01-28 17:38:18] [info]  [98532] Apache Commons Daemon procrun finished.
