28-Jan-2022 15:39:14.637 정보 [main] org.apache.catalina.core.ApplicationContext.log ContextListener: contextInitialized()
28-Jan-2022 15:39:14.637 정보 [main] org.apache.catalina.core.ApplicationContext.log SessionListener: contextInitialized()
28-Jan-2022 15:39:14.638 정보 [main] org.apache.catalina.core.ApplicationContext.log ContextListener: attributeAdded('StockTicker', 'async.Stockticker@7c83dc97')
28-Jan-2022 16:02:30.579 정보 [Thread-4] org.apache.catalina.core.ApplicationContext.log SessionListener: contextDestroyed()
28-Jan-2022 16:02:30.579 정보 [Thread-4] org.apache.catalina.core.ApplicationContext.log ContextListener: contextDestroyed()
28-Jan-2022 16:02:35.121 정보 [main] org.apache.catalina.core.ApplicationContext.log ContextListener: contextInitialized()
28-Jan-2022 16:02:35.121 정보 [main] org.apache.catalina.core.ApplicationContext.log SessionListener: contextInitialized()
28-Jan-2022 16:02:35.122 정보 [main] org.apache.catalina.core.ApplicationContext.log ContextListener: attributeAdded('StockTicker', 'async.Stockticker@2a266d09')
28-Jan-2022 16:08:36.220 정보 [Thread-4] org.apache.catalina.core.ApplicationContext.log SessionListener: contextDestroyed()
28-Jan-2022 16:08:36.220 정보 [Thread-4] org.apache.catalina.core.ApplicationContext.log ContextListener: contextDestroyed()
28-Jan-2022 16:08:40.735 정보 [main] org.apache.catalina.core.ApplicationContext.log ContextListener: contextInitialized()
28-Jan-2022 16:08:40.735 정보 [main] org.apache.catalina.core.ApplicationContext.log SessionListener: contextInitialized()
28-Jan-2022 16:08:40.737 정보 [main] org.apache.catalina.core.ApplicationContext.log ContextListener: attributeAdded('StockTicker', 'async.Stockticker@568ff82')
28-Jan-2022 16:10:03.455 정보 [Catalina-utility-2] org.apache.catalina.core.ApplicationContext.log 2 Spring WebApplicationInitializers detected on classpath
28-Jan-2022 16:10:06.042 정보 [Catalina-utility-2] org.apache.catalina.core.ApplicationContext.log Initializing Spring embedded WebApplicationContext
28-Jan-2022 16:10:13.677 정보 [Thread-5] org.apache.catalina.core.ApplicationContext.log Closing Spring root WebApplicationContext
28-Jan-2022 16:10:13.700 정보 [Thread-5] org.apache.catalina.core.ApplicationContext.log SessionListener: contextDestroyed()
28-Jan-2022 16:10:13.700 정보 [Thread-5] org.apache.catalina.core.ApplicationContext.log ContextListener: contextDestroyed()
28-Jan-2022 16:10:21.472 정보 [main] org.apache.catalina.core.ApplicationContext.log 2 Spring WebApplicationInitializers detected on classpath
28-Jan-2022 16:10:24.315 정보 [main] org.apache.catalina.core.ApplicationContext.log Initializing Spring embedded WebApplicationContext
28-Jan-2022 16:10:26.387 정보 [main] org.apache.catalina.core.ApplicationContext.log ContextListener: contextInitialized()
28-Jan-2022 16:10:26.387 정보 [main] org.apache.catalina.core.ApplicationContext.log SessionListener: contextInitialized()
28-Jan-2022 16:10:26.389 정보 [main] org.apache.catalina.core.ApplicationContext.log ContextListener: attributeAdded('StockTicker', 'async.Stockticker@6f7e5e11')
28-Jan-2022 16:10:28.488 정보 [main] org.apache.catalina.core.ApplicationContext.log 2 Spring WebApplicationInitializers detected on classpath
28-Jan-2022 16:10:30.652 정보 [main] org.apache.catalina.core.ApplicationContext.log Initializing Spring embedded WebApplicationContext
28-Jan-2022 16:10:31.526 정보 [http-nio-8090-exec-1] org.apache.catalina.core.ApplicationContext.log Initializing Spring DispatcherServlet 'dispatcherServlet'
28-Jan-2022 16:17:01.252 정보 [Catalina-utility-2] org.apache.catalina.core.ApplicationContext.log Closing Spring root WebApplicationContext
28-Jan-2022 16:17:04.355 정보 [Catalina-utility-2] org.apache.catalina.core.ApplicationContext.log 2 Spring WebApplicationInitializers detected on classpath
28-Jan-2022 16:17:06.274 정보 [Catalina-utility-2] org.apache.catalina.core.ApplicationContext.log Initializing Spring embedded WebApplicationContext
28-Jan-2022 17:06:19.044 정보 [Thread-7] org.apache.catalina.core.ApplicationContext.log Destroying Spring FrameworkServlet 'dispatcherServlet'
28-Jan-2022 17:06:19.051 정보 [Thread-7] org.apache.catalina.core.ApplicationContext.log Closing Spring root WebApplicationContext
28-Jan-2022 17:06:19.068 정보 [Thread-7] org.apache.catalina.core.ApplicationContext.log Closing Spring root WebApplicationContext
28-Jan-2022 17:06:19.097 정보 [Thread-7] org.apache.catalina.core.ApplicationContext.log SessionListener: contextDestroyed()
28-Jan-2022 17:06:19.097 정보 [Thread-7] org.apache.catalina.core.ApplicationContext.log ContextListener: contextDestroyed()
28-Jan-2022 17:09:59.515 정보 [main] org.apache.catalina.core.ApplicationContext.log 2 Spring WebApplicationInitializers detected on classpath
28-Jan-2022 17:10:03.060 정보 [main] org.apache.catalina.core.ApplicationContext.log Initializing Spring embedded WebApplicationContext
28-Jan-2022 17:10:04.570 정보 [main] org.apache.catalina.core.ApplicationContext.log ContextListener: contextInitialized()
28-Jan-2022 17:10:04.570 정보 [main] org.apache.catalina.core.ApplicationContext.log SessionListener: contextInitialized()
28-Jan-2022 17:10:04.572 정보 [main] org.apache.catalina.core.ApplicationContext.log ContextListener: attributeAdded('StockTicker', 'async.Stockticker@189c6683')
28-Jan-2022 17:12:56.068 정보 [Thread-7] org.apache.catalina.core.ApplicationContext.log Closing Spring root WebApplicationContext
28-Jan-2022 17:12:56.097 정보 [Thread-7] org.apache.catalina.core.ApplicationContext.log SessionListener: contextDestroyed()
28-Jan-2022 17:12:56.097 정보 [Thread-7] org.apache.catalina.core.ApplicationContext.log ContextListener: contextDestroyed()
28-Jan-2022 17:14:35.083 정보 [main] org.apache.catalina.core.ApplicationContext.log 2 Spring WebApplicationInitializers detected on classpath
28-Jan-2022 17:14:38.003 정보 [main] org.apache.catalina.core.ApplicationContext.log Initializing Spring embedded WebApplicationContext
28-Jan-2022 17:14:39.477 정보 [main] org.apache.catalina.core.ApplicationContext.log ContextListener: contextInitialized()
28-Jan-2022 17:14:39.477 정보 [main] org.apache.catalina.core.ApplicationContext.log SessionListener: contextInitialized()
28-Jan-2022 17:14:39.479 정보 [main] org.apache.catalina.core.ApplicationContext.log ContextListener: attributeAdded('StockTicker', 'async.Stockticker@5e1d3188')
28-Jan-2022 17:14:53.996 정보 [http-nio-8090-exec-2] org.apache.catalina.core.ApplicationContext.log Initializing Spring DispatcherServlet 'dispatcherServlet'
28-Jan-2022 17:15:39.622 정보 [Thread-7] org.apache.catalina.core.ApplicationContext.log Destroying Spring FrameworkServlet 'dispatcherServlet'
28-Jan-2022 17:15:39.624 정보 [Thread-7] org.apache.catalina.core.ApplicationContext.log Closing Spring root WebApplicationContext
28-Jan-2022 17:15:39.659 정보 [Thread-7] org.apache.catalina.core.ApplicationContext.log SessionListener: contextDestroyed()
28-Jan-2022 17:15:39.659 정보 [Thread-7] org.apache.catalina.core.ApplicationContext.log ContextListener: contextDestroyed()
28-Jan-2022 17:16:05.555 정보 [main] org.apache.catalina.core.ApplicationContext.log 2 Spring WebApplicationInitializers detected on classpath
28-Jan-2022 17:16:09.407 정보 [main] org.apache.catalina.core.ApplicationContext.log Initializing Spring embedded WebApplicationContext
28-Jan-2022 17:16:13.872 정보 [main] org.apache.catalina.core.ApplicationContext.log 2 Spring WebApplicationInitializers detected on classpath
28-Jan-2022 17:16:16.940 정보 [main] org.apache.catalina.core.ApplicationContext.log Initializing Spring embedded WebApplicationContext
28-Jan-2022 17:16:18.211 정보 [main] org.apache.catalina.core.ApplicationContext.log ContextListener: contextInitialized()
28-Jan-2022 17:16:18.211 정보 [main] org.apache.catalina.core.ApplicationContext.log SessionListener: contextInitialized()
28-Jan-2022 17:16:18.212 정보 [main] org.apache.catalina.core.ApplicationContext.log ContextListener: attributeAdded('StockTicker', 'async.Stockticker@f329350')
28-Jan-2022 17:16:18.396 정보 [http-nio-8090-exec-2] org.apache.catalina.core.ApplicationContext.log Initializing Spring DispatcherServlet 'dispatcherServlet'
28-Jan-2022 17:21:27.147 정보 [Thread-8] org.apache.catalina.core.ApplicationContext.log Closing Spring root WebApplicationContext
28-Jan-2022 17:21:27.177 정보 [Thread-8] org.apache.catalina.core.ApplicationContext.log SessionListener: contextDestroyed()
28-Jan-2022 17:21:27.177 정보 [Thread-8] org.apache.catalina.core.ApplicationContext.log ContextListener: contextDestroyed()
28-Jan-2022 17:21:27.184 정보 [Thread-8] org.apache.catalina.core.ApplicationContext.log Destroying Spring FrameworkServlet 'dispatcherServlet'
28-Jan-2022 17:21:27.186 정보 [Thread-8] org.apache.catalina.core.ApplicationContext.log Closing Spring root WebApplicationContext
28-Jan-2022 17:21:41.664 정보 [main] org.apache.catalina.core.ApplicationContext.log 2 Spring WebApplicationInitializers detected on classpath
28-Jan-2022 17:21:44.977 정보 [main] org.apache.catalina.core.ApplicationContext.log Initializing Spring embedded WebApplicationContext
28-Jan-2022 17:21:49.207 정보 [main] org.apache.catalina.core.ApplicationContext.log 2 Spring WebApplicationInitializers detected on classpath
28-Jan-2022 17:21:51.698 정보 [main] org.apache.catalina.core.ApplicationContext.log Initializing Spring embedded WebApplicationContext
28-Jan-2022 17:21:53.125 정보 [main] org.apache.catalina.core.ApplicationContext.log ContextListener: contextInitialized()
28-Jan-2022 17:21:53.125 정보 [main] org.apache.catalina.core.ApplicationContext.log SessionListener: contextInitialized()
28-Jan-2022 17:21:53.127 정보 [main] org.apache.catalina.core.ApplicationContext.log ContextListener: attributeAdded('StockTicker', 'async.Stockticker@5145dc7')
28-Jan-2022 17:21:55.825 정보 [main] org.apache.catalina.core.ApplicationContext.log 2 Spring WebApplicationInitializers detected on classpath
28-Jan-2022 17:21:58.363 정보 [main] org.apache.catalina.core.ApplicationContext.log Initializing Spring embedded WebApplicationContext
28-Jan-2022 17:22:00.246 정보 [http-nio-8090-exec-1] org.apache.catalina.core.ApplicationContext.log Initializing Spring DispatcherServlet 'dispatcherServlet'
28-Jan-2022 17:38:18.481 정보 [Thread-9] org.apache.catalina.core.ApplicationContext.log Destroying Spring FrameworkServlet 'dispatcherServlet'
28-Jan-2022 17:38:18.486 정보 [Thread-9] org.apache.catalina.core.ApplicationContext.log Closing Spring root WebApplicationContext
28-Jan-2022 17:38:18.523 정보 [Thread-9] org.apache.catalina.core.ApplicationContext.log Closing Spring root WebApplicationContext
28-Jan-2022 17:38:18.555 정보 [Thread-9] org.apache.catalina.core.ApplicationContext.log SessionListener: contextDestroyed()
28-Jan-2022 17:38:18.555 정보 [Thread-9] org.apache.catalina.core.ApplicationContext.log ContextListener: contextDestroyed()
28-Jan-2022 17:38:18.568 정보 [Thread-9] org.apache.catalina.core.ApplicationContext.log Closing Spring root WebApplicationContext
