[2022-01-28 15:32:49] [info]  [99996] Apache Commons Daemon procrun (1.2.4.0 64-bit) started.
[2022-01-28 15:32:49] [info]  [99996] Installing service 'Tomcat9' name 'Apache Tomcat 9.0 Tomcat9'.
[2022-01-28 15:32:49] [info]  [99996] Service 'Tomcat9' installed.
[2022-01-28 15:32:49] [info]  [99996] Apache Commons Daemon procrun finished.
[2022-01-28 15:33:07] [info]  [98112] Apache Commons Daemon procrun (1.2.4.0 64-bit) started.
[2022-01-28 15:33:07] [info]  [98112] Running Service 'Tomcat9'...
[2022-01-28 15:33:07] [info]  [100144] Starting service...
[2022-01-28 15:33:08] [info]  [100144] Service started in 1258 milliseconds.
[2022-01-28 15:35:08] [info]  [100504] Stopping service...
[2022-01-28 15:35:09] [info]  [100504] Service stop thread completed.
[2022-01-28 15:35:09] [info]  [98112] Run service finished.
[2022-01-28 15:35:09] [info]  [98112] Apache Commons Daemon procrun finished.
[2022-01-28 15:35:13] [info]  [100560] Apache Commons Daemon procrun (1.2.4.0 64-bit) started.
[2022-01-28 15:35:13] [info]  [100560] Running Service 'Tomcat9'...
[2022-01-28 15:35:13] [info]  [100616] Starting service...
[2022-01-28 15:35:14] [info]  [100616] Service started in 1254 milliseconds.
[2022-01-28 17:06:14] [info]  [102336] Stopping service...
[2022-01-28 17:06:15] [info]  [102336] Service stop thread completed.
[2022-01-28 17:06:15] [info]  [100560] Run service finished.
[2022-01-28 17:06:15] [info]  [100560] Apache Commons Daemon procrun finished.
[2022-01-28 17:09:46] [info]  [87252] Apache Commons Daemon procrun (1.2.4.0 64-bit) started.
[2022-01-28 17:09:47] [info]  [87252] Running Service 'Tomcat9'...
[2022-01-28 17:09:47] [info]  [100668] Starting service...
[2022-01-28 17:09:48] [info]  [100668] Service started in 1276 milliseconds.
[2022-01-28 17:12:53] [info]  [96472] Stopping service...
[2022-01-28 17:12:54] [info]  [96472] Service stop thread completed.
[2022-01-28 17:12:54] [info]  [87252] Run service finished.
[2022-01-28 17:12:54] [info]  [87252] Apache Commons Daemon procrun finished.
[2022-01-28 17:14:16] [info]  [100164] Apache Commons Daemon procrun (1.2.4.0 64-bit) started.
[2022-01-28 17:14:16] [info]  [100164] Running Service 'Tomcat9'...
[2022-01-28 17:14:16] [info]  [22180] Starting service...
[2022-01-28 17:14:18] [info]  [22180] Service started in 1279 milliseconds.
[2022-01-28 17:15:42] [info]  [101480] Stopping service...
[2022-01-28 17:15:43] [info]  [101480] Service stop thread completed.
[2022-01-28 17:15:43] [info]  [100164] Run service finished.
[2022-01-28 17:15:43] [info]  [100164] Apache Commons Daemon procrun finished.
[2022-01-28 17:15:53] [info]  [100836] Apache Commons Daemon procrun (1.2.4.0 64-bit) started.
[2022-01-28 17:15:53] [info]  [100836] Running Service 'Tomcat9'...
[2022-01-28 17:15:53] [info]  [102820] Starting service...
[2022-01-28 17:15:54] [info]  [102820] Service started in 1260 milliseconds.
[2022-01-28 17:21:22] [info]  [101944] Stopping service...
[2022-01-28 17:21:23] [info]  [101944] Service stop thread completed.
[2022-01-28 17:21:23] [info]  [100836] Run service finished.
[2022-01-28 17:21:23] [info]  [100836] Apache Commons Daemon procrun finished.
[2022-01-28 17:21:30] [info]  [78780] Apache Commons Daemon procrun (1.2.4.0 64-bit) started.
[2022-01-28 17:21:30] [info]  [78780] Running Service 'Tomcat9'...
[2022-01-28 17:21:30] [info]  [101876] Starting service...
[2022-01-28 17:21:31] [info]  [101876] Service started in 1255 milliseconds.
[2022-01-28 17:38:31] [info]  [105092] Stopping service...
[2022-01-28 17:38:33] [info]  [105092] Service stop thread completed.
[2022-01-28 17:38:33] [info]  [78780] Run service finished.
[2022-01-28 17:38:33] [info]  [78780] Apache Commons Daemon procrun finished.
