28-Jan-2022 15:33:12.183 정보 [main] org.apache.catalina.core.ApplicationContext.log 2 Spring WebApplicationInitializers detected on classpath
28-Jan-2022 15:33:14.767 정보 [main] org.apache.catalina.core.ApplicationContext.log Initializing Spring embedded WebApplicationContext
28-Jan-2022 15:33:16.987 정보 [main] org.apache.catalina.core.ApplicationContext.log ContextListener: contextInitialized()
28-Jan-2022 15:33:16.987 정보 [main] org.apache.catalina.core.ApplicationContext.log SessionListener: contextInitialized()
28-Jan-2022 15:33:16.990 정보 [main] org.apache.catalina.core.ApplicationContext.log ContextListener: attributeAdded('StockTicker', 'async.Stockticker@73418044')
28-Jan-2022 15:35:09.212 정보 [Thread-5] org.apache.catalina.core.ApplicationContext.log Closing Spring root WebApplicationContext
28-Jan-2022 15:35:09.238 정보 [Thread-5] org.apache.catalina.core.ApplicationContext.log SessionListener: contextDestroyed()
28-Jan-2022 15:35:09.238 정보 [Thread-5] org.apache.catalina.core.ApplicationContext.log ContextListener: contextDestroyed()
28-Jan-2022 15:35:17.261 정보 [main] org.apache.catalina.core.ApplicationContext.log 2 Spring WebApplicationInitializers detected on classpath
28-Jan-2022 15:35:19.964 정보 [main] org.apache.catalina.core.ApplicationContext.log Initializing Spring embedded WebApplicationContext
28-Jan-2022 15:35:23.786 정보 [main] org.apache.catalina.core.ApplicationContext.log 2 Spring WebApplicationInitializers detected on classpath
28-Jan-2022 15:35:25.895 정보 [main] org.apache.catalina.core.ApplicationContext.log Initializing Spring embedded WebApplicationContext
28-Jan-2022 15:35:26.984 정보 [main] org.apache.catalina.core.ApplicationContext.log ContextListener: contextInitialized()
28-Jan-2022 15:35:26.984 정보 [main] org.apache.catalina.core.ApplicationContext.log SessionListener: contextInitialized()
28-Jan-2022 15:35:26.985 정보 [main] org.apache.catalina.core.ApplicationContext.log ContextListener: attributeAdded('StockTicker', 'async.Stockticker@21bd386c')
28-Jan-2022 15:35:27.142 정보 [http-nio-8080-exec-2] org.apache.catalina.core.ApplicationContext.log Initializing Spring DispatcherServlet 'dispatcherServlet'
28-Jan-2022 17:06:15.419 정보 [Thread-6] org.apache.catalina.core.ApplicationContext.log Destroying Spring FrameworkServlet 'dispatcherServlet'
28-Jan-2022 17:06:15.432 정보 [Thread-6] org.apache.catalina.core.ApplicationContext.log Closing Spring root WebApplicationContext
28-Jan-2022 17:06:15.459 정보 [Thread-6] org.apache.catalina.core.ApplicationContext.log Closing Spring root WebApplicationContext
28-Jan-2022 17:06:15.490 정보 [Thread-6] org.apache.catalina.core.ApplicationContext.log SessionListener: contextDestroyed()
28-Jan-2022 17:06:15.490 정보 [Thread-6] org.apache.catalina.core.ApplicationContext.log ContextListener: contextDestroyed()
28-Jan-2022 17:09:54.968 정보 [main] org.apache.catalina.core.ApplicationContext.log 2 Spring WebApplicationInitializers detected on classpath
28-Jan-2022 17:09:58.312 정보 [main] org.apache.catalina.core.ApplicationContext.log Initializing Spring embedded WebApplicationContext
28-Jan-2022 17:10:01.046 정보 [main] org.apache.catalina.core.ApplicationContext.log ContextListener: contextInitialized()
28-Jan-2022 17:10:01.047 정보 [main] org.apache.catalina.core.ApplicationContext.log SessionListener: contextInitialized()
28-Jan-2022 17:10:01.050 정보 [main] org.apache.catalina.core.ApplicationContext.log ContextListener: attributeAdded('StockTicker', 'async.Stockticker@4a5e0faf')
28-Jan-2022 17:12:54.212 정보 [Thread-7] org.apache.catalina.core.ApplicationContext.log Closing Spring root WebApplicationContext
28-Jan-2022 17:12:54.245 정보 [Thread-7] org.apache.catalina.core.ApplicationContext.log SessionListener: contextDestroyed()
28-Jan-2022 17:12:54.245 정보 [Thread-7] org.apache.catalina.core.ApplicationContext.log ContextListener: contextDestroyed()
28-Jan-2022 17:14:23.989 정보 [main] org.apache.catalina.core.ApplicationContext.log 2 Spring WebApplicationInitializers detected on classpath
28-Jan-2022 17:14:26.428 정보 [main] org.apache.catalina.core.ApplicationContext.log Initializing Spring embedded WebApplicationContext
28-Jan-2022 17:14:27.927 정보 [main] org.apache.catalina.core.ApplicationContext.log ContextListener: contextInitialized()
28-Jan-2022 17:14:27.927 정보 [main] org.apache.catalina.core.ApplicationContext.log SessionListener: contextInitialized()
28-Jan-2022 17:14:27.929 정보 [main] org.apache.catalina.core.ApplicationContext.log ContextListener: attributeAdded('StockTicker', 'async.Stockticker@38614875')
28-Jan-2022 17:14:50.028 정보 [http-nio-8080-exec-6] org.apache.catalina.core.ApplicationContext.log Initializing Spring DispatcherServlet 'dispatcherServlet'
28-Jan-2022 17:15:42.866 정보 [Thread-7] org.apache.catalina.core.ApplicationContext.log Destroying Spring FrameworkServlet 'dispatcherServlet'
28-Jan-2022 17:15:42.869 정보 [Thread-7] org.apache.catalina.core.ApplicationContext.log Closing Spring root WebApplicationContext
28-Jan-2022 17:15:42.900 정보 [Thread-7] org.apache.catalina.core.ApplicationContext.log SessionListener: contextDestroyed()
28-Jan-2022 17:15:42.900 정보 [Thread-7] org.apache.catalina.core.ApplicationContext.log ContextListener: contextDestroyed()
28-Jan-2022 17:16:01.237 정보 [main] org.apache.catalina.core.ApplicationContext.log 2 Spring WebApplicationInitializers detected on classpath
28-Jan-2022 17:16:04.729 정보 [main] org.apache.catalina.core.ApplicationContext.log Initializing Spring embedded WebApplicationContext
28-Jan-2022 17:16:09.839 정보 [main] org.apache.catalina.core.ApplicationContext.log 2 Spring WebApplicationInitializers detected on classpath
28-Jan-2022 17:16:12.823 정보 [main] org.apache.catalina.core.ApplicationContext.log Initializing Spring embedded WebApplicationContext
28-Jan-2022 17:16:14.510 정보 [main] org.apache.catalina.core.ApplicationContext.log ContextListener: contextInitialized()
28-Jan-2022 17:16:14.511 정보 [main] org.apache.catalina.core.ApplicationContext.log SessionListener: contextInitialized()
28-Jan-2022 17:16:14.514 정보 [main] org.apache.catalina.core.ApplicationContext.log ContextListener: attributeAdded('StockTicker', 'async.Stockticker@335c77fe')
28-Jan-2022 17:16:14.759 정보 [http-nio-8080-exec-1] org.apache.catalina.core.ApplicationContext.log Initializing Spring DispatcherServlet 'dispatcherServlet'
28-Jan-2022 17:16:14.763 정보 [http-nio-8080-exec-3] org.apache.catalina.core.ApplicationContext.log Initializing Spring DispatcherServlet 'dispatcherServlet'
28-Jan-2022 17:21:23.015 정보 [Thread-8] org.apache.catalina.core.ApplicationContext.log Destroying Spring FrameworkServlet 'dispatcherServlet'
28-Jan-2022 17:21:23.018 정보 [Thread-8] org.apache.catalina.core.ApplicationContext.log Closing Spring root WebApplicationContext
28-Jan-2022 17:21:23.053 정보 [Thread-8] org.apache.catalina.core.ApplicationContext.log SessionListener: contextDestroyed()
28-Jan-2022 17:21:23.053 정보 [Thread-8] org.apache.catalina.core.ApplicationContext.log ContextListener: contextDestroyed()
28-Jan-2022 17:21:23.061 정보 [Thread-8] org.apache.catalina.core.ApplicationContext.log Destroying Spring FrameworkServlet 'dispatcherServlet'
28-Jan-2022 17:21:23.063 정보 [Thread-8] org.apache.catalina.core.ApplicationContext.log Closing Spring root WebApplicationContext
28-Jan-2022 17:21:37.043 정보 [main] org.apache.catalina.core.ApplicationContext.log 2 Spring WebApplicationInitializers detected on classpath
28-Jan-2022 17:21:40.282 정보 [main] org.apache.catalina.core.ApplicationContext.log Initializing Spring embedded WebApplicationContext
28-Jan-2022 17:21:44.853 정보 [main] org.apache.catalina.core.ApplicationContext.log 2 Spring WebApplicationInitializers detected on classpath
28-Jan-2022 17:21:47.789 정보 [main] org.apache.catalina.core.ApplicationContext.log Initializing Spring embedded WebApplicationContext
28-Jan-2022 17:21:49.366 정보 [main] org.apache.catalina.core.ApplicationContext.log ContextListener: contextInitialized()
28-Jan-2022 17:21:49.366 정보 [main] org.apache.catalina.core.ApplicationContext.log SessionListener: contextInitialized()
28-Jan-2022 17:21:49.369 정보 [main] org.apache.catalina.core.ApplicationContext.log ContextListener: attributeAdded('StockTicker', 'async.Stockticker@4488e574')
28-Jan-2022 17:21:51.775 정보 [main] org.apache.catalina.core.ApplicationContext.log 2 Spring WebApplicationInitializers detected on classpath
28-Jan-2022 17:21:54.498 정보 [main] org.apache.catalina.core.ApplicationContext.log Initializing Spring embedded WebApplicationContext
28-Jan-2022 17:21:55.820 정보 [http-nio-8080-exec-1] org.apache.catalina.core.ApplicationContext.log Initializing Spring DispatcherServlet 'dispatcherServlet'
28-Jan-2022 17:38:32.633 정보 [Thread-9] org.apache.catalina.core.ApplicationContext.log Destroying Spring FrameworkServlet 'dispatcherServlet'
28-Jan-2022 17:38:32.637 정보 [Thread-9] org.apache.catalina.core.ApplicationContext.log Closing Spring root WebApplicationContext
28-Jan-2022 17:38:32.665 정보 [Thread-9] org.apache.catalina.core.ApplicationContext.log Closing Spring root WebApplicationContext
28-Jan-2022 17:38:32.693 정보 [Thread-9] org.apache.catalina.core.ApplicationContext.log SessionListener: contextDestroyed()
28-Jan-2022 17:38:32.693 정보 [Thread-9] org.apache.catalina.core.ApplicationContext.log ContextListener: contextDestroyed()
28-Jan-2022 17:38:32.700 정보 [Thread-9] org.apache.catalina.core.ApplicationContext.log Closing Spring root WebApplicationContext
