::1 - - [28/Jan/2022:15:10:28 +0900] "GET / HTTP/1.1" 200 46
::1 - - [28/Jan/2022:15:10:28 +0900] "GET /favicon.ico HTTP/1.1" 404 196
::1 - - [28/Jan/2022:15:11:28 +0900] "-" 408 -
::1 - - [28/Jan/2022:15:21:51 +0900] "GET / HTTP/1.1" 200 179
::1 - - [28/Jan/2022:15:21:53 +0900] "GET / HTTP/1.1" 200 179
::1 - - [28/Jan/2022:15:21:53 +0900] "GET / HTTP/1.1" 200 179
::1 - - [28/Jan/2022:15:22:51 +0900] "-" 408 -
::1 - - [28/Jan/2022:15:27:32 +0900] "GET / HTTP/1.1" 200 189
::1 - - [28/Jan/2022:15:27:32 +0900] "GET / HTTP/1.1" 200 189
::1 - - [28/Jan/2022:15:27:32 +0900] "GET / HTTP/1.1" 200 189
::1 - - [28/Jan/2022:15:27:33 +0900] "GET / HTTP/1.1" 200 189
::1 - - [28/Jan/2022:15:27:33 +0900] "GET / HTTP/1.1" 200 189
::1 - - [28/Jan/2022:15:27:33 +0900] "GET / HTTP/1.1" 200 189
::1 - - [28/Jan/2022:15:28:32 +0900] "-" 408 -
::1 - - [28/Jan/2022:15:34:16 +0900] "-" 408 -
::1 - - [28/Jan/2022:15:35:37 +0900] "GET / HTTP/1.1" 200 189
::1 - - [28/Jan/2022:15:36:37 +0900] "-" 408 -
::1 - - [28/Jan/2022:16:08:58 +0900] "GET / HTTP/1.1" 200 189
::1 - - [28/Jan/2022:16:08:59 +0900] "GET / HTTP/1.1" 200 11334
::1 - - [28/Jan/2022:16:08:59 +0900] "GET /tomcat.svg HTTP/1.1" 200 68761
::1 - - [28/Jan/2022:16:08:59 +0900] "GET /tomcat.css HTTP/1.1" 404 99
::1 - - [28/Jan/2022:16:08:59 +0900] "GET / HTTP/1.1" 200 189
::1 - - [28/Jan/2022:16:09:00 +0900] "GET / HTTP/1.1" 200 11334
::1 - - [28/Jan/2022:16:09:00 +0900] "GET /tomcat.css HTTP/1.1" 404 99
::1 - - [28/Jan/2022:16:09:00 +0900] "GET / HTTP/1.1" 200 11334
::1 - - [28/Jan/2022:16:09:00 +0900] "GET /tomcat.css HTTP/1.1" 404 99
::1 - - [28/Jan/2022:16:09:01 +0900] "GET / HTTP/1.1" 200 11334
::1 - - [28/Jan/2022:16:09:01 +0900] "GET /tomcat.css HTTP/1.1" 404 99
::1 - - [28/Jan/2022:16:09:01 +0900] "GET / HTTP/1.1" 200 11334
::1 - - [28/Jan/2022:16:09:01 +0900] "GET /tomcat.css HTTP/1.1" 404 99
::1 - - [28/Jan/2022:16:09:02 +0900] "GET / HTTP/1.1" 200 11334
::1 - - [28/Jan/2022:16:09:02 +0900] "GET /tomcat.css HTTP/1.1" 404 99
::1 - - [28/Jan/2022:16:09:02 +0900] "GET / HTTP/1.1" 200 11334
::1 - - [28/Jan/2022:16:09:02 +0900] "GET /tomcat.css HTTP/1.1" 404 99
::1 - - [28/Jan/2022:16:09:02 +0900] "GET / HTTP/1.1" 200 11334
::1 - - [28/Jan/2022:16:09:02 +0900] "GET /tomcat.css HTTP/1.1" 404 99
::1 - - [28/Jan/2022:16:09:02 +0900] "GET / HTTP/1.1" 200 11334
::1 - - [28/Jan/2022:16:09:02 +0900] "GET /tomcat.css HTTP/1.1" 404 99
::1 - - [28/Jan/2022:16:09:03 +0900] "GET / HTTP/1.1" 200 11334
::1 - - [28/Jan/2022:16:09:03 +0900] "GET /tomcat.css HTTP/1.1" 404 99
::1 - - [28/Jan/2022:16:09:03 +0900] "GET / HTTP/1.1" 200 11334
::1 - - [28/Jan/2022:16:09:03 +0900] "GET /tomcat.css HTTP/1.1" 404 99
::1 - - [28/Jan/2022:16:09:03 +0900] "GET / HTTP/1.1" 200 11334
::1 - - [28/Jan/2022:16:09:03 +0900] "GET /tomcat.css HTTP/1.1" 404 99
::1 - - [28/Jan/2022:16:09:03 +0900] "GET / HTTP/1.1" 200 11334
::1 - - [28/Jan/2022:16:09:03 +0900] "GET /tomcat.css HTTP/1.1" 404 99
::1 - - [28/Jan/2022:16:09:03 +0900] "GET / HTTP/1.1" 200 11334
::1 - - [28/Jan/2022:16:09:04 +0900] "GET /tomcat.css HTTP/1.1" 404 99
::1 - - [28/Jan/2022:16:09:04 +0900] "GET / HTTP/1.1" 200 11334
::1 - - [28/Jan/2022:16:09:04 +0900] "GET /tomcat.css HTTP/1.1" 404 99
::1 - - [28/Jan/2022:16:09:04 +0900] "GET / HTTP/1.1" 200 11334
::1 - - [28/Jan/2022:16:09:04 +0900] "GET /tomcat.css HTTP/1.1" 404 99
::1 - - [28/Jan/2022:16:09:04 +0900] "GET / HTTP/1.1" 200 11334
::1 - - [28/Jan/2022:16:09:04 +0900] "GET /tomcat.css HTTP/1.1" 404 99
::1 - - [28/Jan/2022:16:09:04 +0900] "GET / HTTP/1.1" 200 11334
::1 - - [28/Jan/2022:16:09:04 +0900] "GET /tomcat.css HTTP/1.1" 404 99
::1 - - [28/Jan/2022:16:09:05 +0900] "GET / HTTP/1.1" 200 11334
::1 - - [28/Jan/2022:16:09:05 +0900] "GET /tomcat.css HTTP/1.1" 404 99
::1 - - [28/Jan/2022:16:09:05 +0900] "GET / HTTP/1.1" 200 11334
::1 - - [28/Jan/2022:16:09:05 +0900] "GET /tomcat.css HTTP/1.1" 404 99
::1 - - [28/Jan/2022:16:09:05 +0900] "GET / HTTP/1.1" 200 11334
::1 - - [28/Jan/2022:16:09:05 +0900] "GET /tomcat.css HTTP/1.1" 404 99
::1 - - [28/Jan/2022:16:09:05 +0900] "GET / HTTP/1.1" 200 11334
::1 - - [28/Jan/2022:16:09:05 +0900] "GET /tomcat.css HTTP/1.1" 404 99
::1 - - [28/Jan/2022:16:09:05 +0900] "GET / HTTP/1.1" 200 11334
::1 - - [28/Jan/2022:16:09:06 +0900] "GET /tomcat.css HTTP/1.1" 404 99
::1 - - [28/Jan/2022:16:09:06 +0900] "GET / HTTP/1.1" 200 11334
::1 - - [28/Jan/2022:16:09:06 +0900] "GET /tomcat.css HTTP/1.1" 404 99
::1 - - [28/Jan/2022:16:09:06 +0900] "GET / HTTP/1.1" 200 11334
::1 - - [28/Jan/2022:16:09:06 +0900] "GET /tomcat.css HTTP/1.1" 404 99
::1 - - [28/Jan/2022:16:09:06 +0900] "GET / HTTP/1.1" 200 11334
::1 - - [28/Jan/2022:16:09:06 +0900] "GET /tomcat.css HTTP/1.1" 404 99
::1 - - [28/Jan/2022:16:09:06 +0900] "GET / HTTP/1.1" 200 11334
::1 - - [28/Jan/2022:16:09:06 +0900] "GET /tomcat.css HTTP/1.1" 404 99
::1 - - [28/Jan/2022:16:09:07 +0900] "GET / HTTP/1.1" 200 11334
::1 - - [28/Jan/2022:16:09:07 +0900] "GET /tomcat.css HTTP/1.1" 404 99
::1 - - [28/Jan/2022:16:09:07 +0900] "GET / HTTP/1.1" 200 11334
::1 - - [28/Jan/2022:16:09:07 +0900] "GET /tomcat.css HTTP/1.1" 404 99
::1 - - [28/Jan/2022:16:09:07 +0900] "GET / HTTP/1.1" 200 11334
::1 - - [28/Jan/2022:16:09:07 +0900] "GET /tomcat.css HTTP/1.1" 404 99
::1 - - [28/Jan/2022:16:09:07 +0900] "GET / HTTP/1.1" 200 11334
::1 - - [28/Jan/2022:16:09:07 +0900] "GET /tomcat.css HTTP/1.1" 404 99
::1 - - [28/Jan/2022:16:09:08 +0900] "GET / HTTP/1.1" 200 11334
::1 - - [28/Jan/2022:16:09:08 +0900] "GET /tomcat.css HTTP/1.1" 404 99
::1 - - [28/Jan/2022:16:09:09 +0900] "GET / HTTP/1.1" 200 11334
::1 - - [28/Jan/2022:16:09:09 +0900] "GET /tomcat.css HTTP/1.1" 404 99
::1 - - [28/Jan/2022:16:09:11 +0900] "GET / HTTP/1.1" 200 11334
::1 - - [28/Jan/2022:16:09:11 +0900] "GET /tomcat.css HTTP/1.1" 404 99
::1 - - [28/Jan/2022:16:09:16 +0900] "GET / HTTP/1.1" 200 11334
::1 - - [28/Jan/2022:16:09:16 +0900] "GET /tomcat.css HTTP/1.1" 404 99
::1 - - [28/Jan/2022:16:09:16 +0900] "GET / HTTP/1.1" 200 11334
::1 - - [28/Jan/2022:16:09:16 +0900] "GET /tomcat.css HTTP/1.1" 404 99
::1 - - [28/Jan/2022:16:09:17 +0900] "GET / HTTP/1.1" 200 11334
::1 - - [28/Jan/2022:16:09:17 +0900] "GET /tomcat.css HTTP/1.1" 404 99
::1 - - [28/Jan/2022:16:10:04 +0900] "-" 408 -
::1 - - [28/Jan/2022:16:10:37 +0900] "GET / HTTP/1.1" 200 189
::1 - - [28/Jan/2022:16:10:37 +0900] "GET / HTTP/1.1" 200 189
::1 - - [28/Jan/2022:16:10:38 +0900] "GET / HTTP/1.1" 200 189
::1 - - [28/Jan/2022:16:10:38 +0900] "GET / HTTP/1.1" 200 189
::1 - - [28/Jan/2022:16:10:38 +0900] "GET / HTTP/1.1" 200 189
::1 - - [28/Jan/2022:16:10:38 +0900] "GET / HTTP/1.1" 200 189
::1 - - [28/Jan/2022:16:10:39 +0900] "GET / HTTP/1.1" 200 189
::1 - - [28/Jan/2022:16:10:39 +0900] "GET / HTTP/1.1" 200 189
::1 - - [28/Jan/2022:16:10:39 +0900] "GET / HTTP/1.1" 200 189
::1 - - [28/Jan/2022:16:10:39 +0900] "GET / HTTP/1.1" 200 189
::1 - - [28/Jan/2022:16:10:39 +0900] "GET / HTTP/1.1" 200 189
::1 - - [28/Jan/2022:16:10:40 +0900] "GET / HTTP/1.1" 200 189
::1 - - [28/Jan/2022:16:10:40 +0900] "GET / HTTP/1.1" 200 189
::1 - - [28/Jan/2022:16:10:40 +0900] "GET / HTTP/1.1" 200 189
::1 - - [28/Jan/2022:16:10:40 +0900] "GET / HTTP/1.1" 200 189
::1 - - [28/Jan/2022:16:10:40 +0900] "GET / HTTP/1.1" 200 189
::1 - - [28/Jan/2022:16:10:40 +0900] "GET / HTTP/1.1" 200 189
::1 - - [28/Jan/2022:16:10:41 +0900] "GET / HTTP/1.1" 200 189
::1 - - [28/Jan/2022:16:10:41 +0900] "GET / HTTP/1.1" 200 189
::1 - - [28/Jan/2022:16:10:41 +0900] "GET / HTTP/1.1" 200 189
::1 - - [28/Jan/2022:16:11:37 +0900] "-" 408 -
::1 - - [28/Jan/2022:16:21:49 +0900] "GET / HTTP/1.1" 200 190
::1 - - [28/Jan/2022:16:21:50 +0900] "GET / HTTP/1.1" 200 190
::1 - - [28/Jan/2022:16:21:50 +0900] "GET / HTTP/1.1" 200 190
::1 - - [28/Jan/2022:16:21:51 +0900] "GET / HTTP/1.1" 200 190
::1 - - [28/Jan/2022:16:21:51 +0900] "GET / HTTP/1.1" 200 190
::1 - - [28/Jan/2022:16:21:51 +0900] "GET / HTTP/1.1" 200 190
::1 - - [28/Jan/2022:16:21:52 +0900] "GET / HTTP/1.1" 200 190
::1 - - [28/Jan/2022:16:22:49 +0900] "-" 408 -
::1 - - [28/Jan/2022:16:33:04 +0900] "-" 408 -
::1 - - [28/Jan/2022:16:59:45 +0900] "GET / HTTP/1.1" 200 190
::1 - - [28/Jan/2022:16:59:46 +0900] "GET / HTTP/1.1" 200 190
::1 - - [28/Jan/2022:16:59:46 +0900] "GET / HTTP/1.1" 200 190
::1 - - [28/Jan/2022:16:59:46 +0900] "GET / HTTP/1.1" 200 190
::1 - - [28/Jan/2022:17:00:45 +0900] "-" 408 -
::1 - - [28/Jan/2022:17:10:45 +0900] "GET / HTTP/1.1" 200 11334
::1 - - [28/Jan/2022:17:10:45 +0900] "GET /tomcat.css HTTP/1.1" 200 5895
::1 - - [28/Jan/2022:17:10:45 +0900] "GET /bg-nav.png HTTP/1.1" 200 1401
::1 - - [28/Jan/2022:17:10:45 +0900] "GET /bg-upper.png HTTP/1.1" 200 3103
::1 - - [28/Jan/2022:17:10:45 +0900] "GET /bg-button.png HTTP/1.1" 200 713
::1 - - [28/Jan/2022:17:10:45 +0900] "GET /bg-middle.png HTTP/1.1" 200 1918
::1 - - [28/Jan/2022:17:10:45 +0900] "GET /asf-logo-wide.svg HTTP/1.1" 200 27530
::1 - - [28/Jan/2022:17:16:24 +0900] "GET / HTTP/1.1" 200 11334
::1 - - [28/Jan/2022:17:16:25 +0900] "GET / HTTP/1.1" 200 11334
::1 - - [28/Jan/2022:17:16:25 +0900] "GET / HTTP/1.1" 200 11334
::1 - - [28/Jan/2022:17:17:24 +0900] "-" 408 -
::1 - - [28/Jan/2022:17:17:39 +0900] "GET /was HTTP/1.1" 404 196
::1 - - [28/Jan/2022:17:17:44 +0900] "GET /was HTTP/1.1" 404 196
::1 - - [28/Jan/2022:17:17:54 +0900] "GET /was HTTP/1.1" 404 196
::1 - - [28/Jan/2022:17:17:59 +0900] "GET /was/ HTTP/1.1" 200 194
::1 - - [28/Jan/2022:17:19:09 +0900] "GET /was HTTP/1.1" 302 -
::1 - - [28/Jan/2022:17:19:09 +0900] "GET /was/ HTTP/1.1" 404 196
::1 - - [28/Jan/2022:17:19:12 +0900] "GET /was HTTP/1.1" 302 -
::1 - - [28/Jan/2022:17:19:12 +0900] "GET /was/ HTTP/1.1" 404 196
::1 - - [28/Jan/2022:17:19:22 +0900] "GET /was HTTP/1.1" 302 -
::1 - - [28/Jan/2022:17:19:22 +0900] "GET /was/ HTTP/1.1" 404 196
::1 - - [28/Jan/2022:17:20:25 +0900] "GET /was HTTP/1.1" 302 -
::1 - - [28/Jan/2022:17:20:25 +0900] "GET /was/ HTTP/1.1" 200 194
::1 - - [28/Jan/2022:17:20:27 +0900] "GET /was/ HTTP/1.1" 200 194
::1 - - [28/Jan/2022:17:20:27 +0900] "GET /was/ HTTP/1.1" 200 194
::1 - - [28/Jan/2022:17:20:28 +0900] "GET /was/ HTTP/1.1" 200 194
::1 - - [28/Jan/2022:17:20:28 +0900] "GET /was/ HTTP/1.1" 200 194
::1 - - [28/Jan/2022:17:20:28 +0900] "GET /was/ HTTP/1.1" 200 194
::1 - - [28/Jan/2022:17:20:28 +0900] "GET /was/ HTTP/1.1" 200 194
::1 - - [28/Jan/2022:17:20:28 +0900] "GET /was/ HTTP/1.1" 200 194
::1 - - [28/Jan/2022:17:20:28 +0900] "GET /was/ HTTP/1.1" 200 194
::1 - - [28/Jan/2022:17:20:29 +0900] "GET /was/ HTTP/1.1" 200 194
::1 - - [28/Jan/2022:17:20:29 +0900] "GET /was/ HTTP/1.1" 200 194
::1 - - [28/Jan/2022:17:20:29 +0900] "GET /was/ HTTP/1.1" 200 194
::1 - - [28/Jan/2022:17:20:32 +0900] "GET /was/ HTTP/1.1" 200 194
::1 - - [28/Jan/2022:17:20:33 +0900] "GET /was/ HTTP/1.1" 200 194
::1 - - [28/Jan/2022:17:20:33 +0900] "GET /was/ HTTP/1.1" 200 194
::1 - - [28/Jan/2022:17:20:33 +0900] "GET /was/ HTTP/1.1" 200 194
::1 - - [28/Jan/2022:17:20:33 +0900] "GET /was/ HTTP/1.1" 200 194
::1 - - [28/Jan/2022:17:21:25 +0900] "-" 408 -
::1 - - [28/Jan/2022:17:22:06 +0900] "GET / HTTP/1.1" 200 194
::1 - - [28/Jan/2022:17:22:08 +0900] "GET / HTTP/1.1" 200 194
::1 - - [28/Jan/2022:17:22:11 +0900] "GET / HTTP/1.1" 200 194
::1 - - [28/Jan/2022:17:23:06 +0900] "-" 408 -
